<?xml version="1.0" encoding="UTF-8"?>
<coverage generated="1722339307043" clover="3.2.0">
  <project timestamp="1722339307043" name="All files">
    <metrics statements="427" coveredstatements="350" conditionals="58" coveredconditionals="52" methods="45" coveredmethods="29" elements="530" coveredelements="431" complexity="0" loc="427" ncloc="427" packages="16" files="23" classes="23"/>
    <package name="src">
      <metrics statements="46" coveredstatements="30" conditionals="2" coveredconditionals="1" methods="2" coveredmethods="1"/>
      <file name="App.tsx" path="C:\Users\Manager3\Desktop\sjrhfgsukrgh\react2024\src\App.tsx">
        <metrics statements="30" coveredstatements="30" conditionals="1" coveredconditionals="1" methods="1" coveredmethods="1"/>
        <line num="1" count="1" type="stmt"/>
        <line num="2" count="1" type="stmt"/>
        <line num="3" count="1" type="stmt"/>
        <line num="4" count="1" type="stmt"/>
        <line num="5" count="1" type="stmt"/>
        <line num="6" count="1" type="stmt"/>
        <line num="8" count="3" type="cond" truecount="1" falsecount="0"/>
        <line num="9" count="3" type="stmt"/>
        <line num="10" count="3" type="stmt"/>
        <line num="11" count="3" type="stmt"/>
        <line num="12" count="3" type="stmt"/>
        <line num="13" count="3" type="stmt"/>
        <line num="14" count="3" type="stmt"/>
        <line num="15" count="3" type="stmt"/>
        <line num="16" count="3" type="stmt"/>
        <line num="17" count="3" type="stmt"/>
        <line num="18" count="3" type="stmt"/>
        <line num="19" count="3" type="stmt"/>
        <line num="20" count="3" type="stmt"/>
        <line num="21" count="3" type="stmt"/>
        <line num="22" count="3" type="stmt"/>
        <line num="23" count="3" type="stmt"/>
        <line num="24" count="3" type="stmt"/>
        <line num="25" count="3" type="stmt"/>
        <line num="26" count="3" type="stmt"/>
        <line num="27" count="3" type="stmt"/>
        <line num="28" count="3" type="stmt"/>
        <line num="29" count="3" type="stmt"/>
        <line num="31" count="3" type="stmt"/>
        <line num="33" count="1" type="stmt"/>
      </file>
      <file name="main.tsx" path="C:\Users\Manager3\Desktop\sjrhfgsukrgh\react2024\src\main.tsx">
        <metrics statements="16" coveredstatements="0" conditionals="1" coveredconditionals="0" methods="1" coveredmethods="0"/>
        <line num="1" count="0" type="cond" truecount="0" falsecount="1"/>
        <line num="2" count="0" type="stmt"/>
        <line num="3" count="0" type="stmt"/>
        <line num="4" count="0" type="stmt"/>
        <line num="5" count="0" type="stmt"/>
        <line num="6" count="0" type="stmt"/>
        <line num="7" count="0" type="stmt"/>
        <line num="9" count="0" type="stmt"/>
        <line num="10" count="0" type="stmt"/>
        <line num="11" count="0" type="stmt"/>
        <line num="12" count="0" type="stmt"/>
        <line num="13" count="0" type="stmt"/>
        <line num="14" count="0" type="stmt"/>
        <line num="15" count="0" type="stmt"/>
        <line num="16" count="0" type="stmt"/>
        <line num="17" count="0" type="stmt"/>
      </file>
    </package>
    <package name="src.components.ErrorBoundary">
      <metrics statements="20" coveredstatements="20" conditionals="6" coveredconditionals="6" methods="4" coveredmethods="4"/>
      <file name="ErrorBoundary.tsx" path="C:\Users\Manager3\Desktop\sjrhfgsukrgh\react2024\src\components\ErrorBoundary\ErrorBoundary.tsx">
        <metrics statements="20" coveredstatements="20" conditionals="6" coveredconditionals="6" methods="4" coveredmethods="4"/>
        <line num="1" count="1" type="stmt"/>
        <line num="11" count="7" type="cond" truecount="1" falsecount="0"/>
        <line num="12" count="7" type="stmt"/>
        <line num="13" count="7" type="stmt"/>
        <line num="14" count="7" type="stmt"/>
        <line num="16" count="1" type="cond" truecount="1" falsecount="0"/>
        <line num="18" count="2" type="stmt"/>
        <line num="19" count="2" type="stmt"/>
        <line num="20" count="2" type="stmt"/>
        <line num="22" count="1" type="cond" truecount="1" falsecount="0"/>
        <line num="23" count="1" type="stmt"/>
        <line num="24" count="1" type="stmt"/>
        <line num="26" count="1" type="cond" truecount="1" falsecount="0"/>
        <line num="27" count="8" type="cond" truecount="1" falsecount="0"/>
        <line num="28" count="2" type="stmt"/>
        <line num="29" count="2" type="cond" truecount="1" falsecount="0"/>
        <line num="31" count="6" type="stmt"/>
        <line num="32" count="8" type="stmt"/>
        <line num="33" count="1" type="stmt"/>
        <line num="35" count="1" type="stmt"/>
      </file>
    </package>
    <package name="src.components.bottomLine">
      <metrics statements="94" coveredstatements="91" conditionals="10" coveredconditionals="9" methods="4" coveredmethods="2"/>
      <file name="bottomLine.tsx" path="C:\Users\Manager3\Desktop\sjrhfgsukrgh\react2024\src\components\bottomLine\bottomLine.tsx">
        <metrics statements="94" coveredstatements="91" conditionals="10" coveredconditionals="9" methods="4" coveredmethods="2"/>
        <line num="1" count="1" type="stmt"/>
        <line num="2" count="1" type="stmt"/>
        <line num="3" count="1" type="stmt"/>
        <line num="4" count="1" type="stmt"/>
        <line num="5" count="1" type="stmt"/>
        <line num="6" count="1" type="stmt"/>
        <line num="7" count="1" type="stmt"/>
        <line num="8" count="1" type="stmt"/>
        <line num="9" count="1" type="stmt"/>
        <line num="10" count="1" type="stmt"/>
        <line num="11" count="1" type="stmt"/>
        <line num="12" count="1" type="stmt"/>
        <line num="13" count="1" type="stmt"/>
        <line num="15" count="1" type="stmt"/>
        <line num="16" count="1" type="stmt"/>
        <line num="18" count="1" type="cond" truecount="1" falsecount="0"/>
        <line num="19" count="19" type="stmt"/>
        <line num="21" count="19" type="stmt"/>
        <line num="22" count="19" type="stmt"/>
        <line num="23" count="19" type="stmt"/>
        <line num="24" count="19" type="stmt"/>
        <line num="26" count="19" type="stmt"/>
        <line num="28" count="19" type="stmt"/>
        <line num="30" count="19" type="stmt"/>
        <line num="32" count="19" type="cond" truecount="1" falsecount="0"/>
        <line num="33" count="2" type="stmt"/>
        <line num="34" count="2" type="stmt"/>
        <line num="36" count="19" type="cond" truecount="1" falsecount="0"/>
        <line num="37" count="10" type="stmt"/>
        <line num="38" count="10" type="cond" truecount="1" falsecount="0"/>
        <line num="39" count="10" type="cond" truecount="1" falsecount="0"/>
        <line num="40" count="2" type="stmt"/>
        <line num="41" count="2" type="stmt"/>
        <line num="42" count="10" type="stmt"/>
        <line num="43" count="19" type="stmt"/>
        <line num="45" count="19" type="stmt"/>
        <line num="46" count="0" type="stmt"/>
        <line num="47" count="0" type="stmt"/>
        <line num="48" count="0" type="stmt"/>
        <line num="50" count="19" type="stmt"/>
        <line num="51" count="19" type="stmt"/>
        <line num="52" count="19" type="stmt"/>
        <line num="53" count="19" type="stmt"/>
        <line num="54" count="19" type="stmt"/>
        <line num="55" count="19" type="stmt"/>
        <line num="56" count="19" type="stmt"/>
        <line num="57" count="19" type="stmt"/>
        <line num="58" count="19" type="stmt"/>
        <line num="59" count="19" type="stmt"/>
        <line num="60" count="19" type="stmt"/>
        <line num="61" count="19" type="stmt"/>
        <line num="62" count="19" type="stmt"/>
        <line num="63" count="19" type="stmt"/>
        <line num="64" count="19" type="cond" truecount="0" falsecount="1"/>
        <line num="65" count="19" type="stmt"/>
        <line num="66" count="19" type="cond" truecount="1" falsecount="0"/>
        <line num="67" count="13" type="cond" truecount="1" falsecount="0"/>
        <line num="69" count="6" type="stmt"/>
        <line num="70" count="6" type="stmt"/>
        <line num="71" count="6" type="stmt"/>
        <line num="72" count="6" type="stmt"/>
        <line num="73" count="6" type="stmt"/>
        <line num="74" count="6" type="cond" truecount="1" falsecount="0"/>
        <line num="75" count="120" type="stmt"/>
        <line num="76" count="120" type="stmt"/>
        <line num="77" count="120" type="stmt"/>
        <line num="78" count="120" type="stmt"/>
        <line num="79" count="120" type="stmt"/>
        <line num="80" count="120" type="stmt"/>
        <line num="81" count="120" type="stmt"/>
        <line num="82" count="120" type="stmt"/>
        <line num="83" count="120" type="stmt"/>
        <line num="84" count="120" type="stmt"/>
        <line num="86" count="120" type="stmt"/>
        <line num="87" count="120" type="stmt"/>
        <line num="88" count="6" type="stmt"/>
        <line num="89" count="6" type="stmt"/>
        <line num="90" count="6" type="stmt"/>
        <line num="92" count="6" type="stmt"/>
        <line num="93" count="6" type="stmt"/>
        <line num="94" count="6" type="stmt"/>
        <line num="95" count="6" type="stmt"/>
        <line num="96" count="6" type="stmt"/>
        <line num="97" count="6" type="cond" truecount="1" falsecount="0"/>
        <line num="98" count="54" type="stmt"/>
        <line num="99" count="54" type="stmt"/>
        <line num="100" count="54" type="stmt"/>
        <line num="101" count="6" type="stmt"/>
        <line num="102" count="6" type="stmt"/>
        <line num="103" count="6" type="stmt"/>
        <line num="104" count="6" type="stmt"/>
        <line num="106" count="19" type="stmt"/>
        <line num="108" count="19" type="stmt"/>
        <line num="110" count="1" type="stmt"/>
      </file>
    </package>
    <package name="src.components.buttonError">
      <metrics statements="16" coveredstatements="16" conditionals="4" coveredconditionals="4" methods="2" coveredmethods="2"/>
      <file name="buttonError.tsx" path="C:\Users\Manager3\Desktop\sjrhfgsukrgh\react2024\src\components\buttonError\buttonError.tsx">
        <metrics statements="16" coveredstatements="16" conditionals="4" coveredconditionals="4" methods="2" coveredmethods="2"/>
        <line num="1" count="1" type="stmt"/>
        <line num="3" count="18" type="cond" truecount="1" falsecount="0"/>
        <line num="4" count="18" type="stmt"/>
        <line num="6" count="18" type="cond" truecount="1" falsecount="0"/>
        <line num="7" count="10" type="cond" truecount="1" falsecount="0"/>
        <line num="8" count="1" type="stmt"/>
        <line num="9" count="1" type="stmt"/>
        <line num="10" count="18" type="stmt"/>
        <line num="12" count="18" type="cond" truecount="1" falsecount="0"/>
        <line num="13" count="1" type="stmt"/>
        <line num="14" count="1" type="stmt"/>
        <line num="16" count="18" type="stmt"/>
        <line num="17" count="18" type="stmt"/>
        <line num="19" count="18" type="stmt"/>
        <line num="21" count="18" type="stmt"/>
        <line num="23" count="1" type="stmt"/>
      </file>
    </package>
    <package name="src.components.detailCard">
      <metrics statements="32" coveredstatements="13" conditionals="5" coveredconditionals="3" methods="2" coveredmethods="1"/>
      <file name="detailCard.tsx" path="C:\Users\Manager3\Desktop\sjrhfgsukrgh\react2024\src\components\detailCard\detailCard.tsx">
        <metrics statements="32" coveredstatements="13" conditionals="5" coveredconditionals="3" methods="2" coveredmethods="1"/>
        <line num="1" count="1" type="stmt"/>
        <line num="2" count="1" type="stmt"/>
        <line num="3" count="1" type="stmt"/>
        <line num="5" count="9" type="cond" truecount="1" falsecount="0"/>
        <line num="6" count="9" type="stmt"/>
        <line num="7" count="9" type="stmt"/>
        <line num="8" count="9" type="stmt"/>
        <line num="9" count="9" type="stmt"/>
        <line num="11" count="9" type="stmt"/>
        <line num="12" count="0" type="stmt"/>
        <line num="13" count="0" type="stmt"/>
        <line num="14" count="0" type="stmt"/>
        <line num="16" count="9" type="cond" truecount="2" falsecount="0"/>
        <line num="18" count="5" type="cond" truecount="0" falsecount="1"/>
        <line num="20" count="0" type="stmt"/>
        <line num="21" count="0" type="stmt"/>
        <line num="22" count="0" type="stmt"/>
        <line num="23" count="0" type="cond" truecount="0" falsecount="1"/>
        <line num="24" count="0" type="stmt"/>
        <line num="25" count="0" type="stmt"/>
        <line num="26" count="0" type="stmt"/>
        <line num="28" count="0" type="stmt"/>
        <line num="29" count="0" type="stmt"/>
        <line num="30" count="0" type="stmt"/>
        <line num="31" count="0" type="stmt"/>
        <line num="32" count="0" type="stmt"/>
        <line num="33" count="0" type="stmt"/>
        <line num="34" count="0" type="stmt"/>
        <line num="35" count="0" type="stmt"/>
        <line num="36" count="0" type="stmt"/>
        <line num="37" count="9" type="stmt"/>
        <line num="39" count="9" type="stmt"/>
      </file>
    </package>
    <package name="src.components.enums">
      <metrics statements="5" coveredstatements="5" conditionals="1" coveredconditionals="1" methods="0" coveredmethods="0"/>
      <file name="enums.ts" path="C:\Users\Manager3\Desktop\sjrhfgsukrgh\react2024\src\components\enums\enums.ts">
        <metrics statements="5" coveredstatements="5" conditionals="1" coveredconditionals="1" methods="0" coveredmethods="0"/>
        <line num="1" count="1" type="cond" truecount="1" falsecount="0"/>
        <line num="2" count="1" type="stmt"/>
        <line num="3" count="1" type="stmt"/>
        <line num="4" count="1" type="stmt"/>
        <line num="5" count="1" type="stmt"/>
      </file>
    </package>
    <package name="src.components.modalCheckedItem">
      <metrics statements="41" coveredstatements="19" conditionals="4" coveredconditionals="3" methods="5" coveredmethods="1"/>
      <file name="modalCheckedItem.tsx" path="C:\Users\Manager3\Desktop\sjrhfgsukrgh\react2024\src\components\modalCheckedItem\modalCheckedItem.tsx">
        <metrics statements="41" coveredstatements="19" conditionals="4" coveredconditionals="3" methods="5" coveredmethods="1"/>
        <line num="1" count="1" type="stmt"/>
        <line num="3" count="1" type="stmt"/>
        <line num="4" count="1" type="stmt"/>
        <line num="5" count="1" type="stmt"/>
        <line num="6" count="1" type="stmt"/>
        <line num="8" count="6" type="cond" truecount="1" falsecount="0"/>
        <line num="9" count="6" type="stmt"/>
        <line num="10" count="6" type="stmt"/>
        <line num="11" count="6" type="cond" truecount="1" falsecount="0"/>
        <line num="12" count="6" type="cond" truecount="1" falsecount="0"/>
        <line num="13" count="6" type="stmt"/>
        <line num="15" count="6" type="stmt"/>
        <line num="16" count="0" type="stmt"/>
        <line num="17" count="0" type="stmt"/>
        <line num="18" count="0" type="stmt"/>
        <line num="19" count="0" type="stmt"/>
        <line num="20" count="0" type="stmt"/>
        <line num="22" count="6" type="stmt"/>
        <line num="23" count="0" type="stmt"/>
        <line num="24" count="0" type="stmt"/>
        <line num="25" count="0" type="stmt"/>
        <line num="27" count="6" type="stmt"/>
        <line num="28" count="0" type="stmt"/>
        <line num="29" count="0" type="stmt"/>
        <line num="30" count="0" type="stmt"/>
        <line num="31" count="0" type="stmt"/>
        <line num="32" count="0" type="stmt"/>
        <line num="33" count="0" type="stmt"/>
        <line num="35" count="6" type="stmt"/>
        <line num="36" count="6" type="stmt"/>
        <line num="37" count="6" type="cond" truecount="0" falsecount="1"/>
        <line num="38" count="0" type="stmt"/>
        <line num="39" count="0" type="stmt"/>
        <line num="40" count="0" type="stmt"/>
        <line num="41" count="0" type="stmt"/>
        <line num="42" count="0" type="stmt"/>
        <line num="44" count="0" type="stmt"/>
        <line num="45" count="0" type="stmt"/>
        <line num="46" count="0" type="stmt"/>
        <line num="48" count="6" type="stmt"/>
        <line num="50" count="6" type="stmt"/>
      </file>
    </package>
    <package name="src.components.notFound">
      <metrics statements="9" coveredstatements="9" conditionals="1" coveredconditionals="1" methods="1" coveredmethods="1"/>
      <file name="notFound.tsx" path="C:\Users\Manager3\Desktop\sjrhfgsukrgh\react2024\src\components\notFound\notFound.tsx">
        <metrics statements="9" coveredstatements="9" conditionals="1" coveredconditionals="1" methods="1" coveredmethods="1"/>
        <line num="1" count="1" type="stmt"/>
        <line num="3" count="1" type="cond" truecount="1" falsecount="0"/>
        <line num="4" count="1" type="stmt"/>
        <line num="5" count="1" type="stmt"/>
        <line num="6" count="1" type="stmt"/>
        <line num="7" count="1" type="stmt"/>
        <line num="8" count="1" type="stmt"/>
        <line num="10" count="1" type="stmt"/>
        <line num="12" count="1" type="stmt"/>
      </file>
    </package>
    <package name="src.components.peopleItem">
      <metrics statements="45" coveredstatements="42" conditionals="10" coveredconditionals="9" methods="4" coveredmethods="4"/>
      <file name="peopleItem.tsx" path="C:\Users\Manager3\Desktop\sjrhfgsukrgh\react2024\src\components\peopleItem\peopleItem.tsx">
        <metrics statements="45" coveredstatements="42" conditionals="10" coveredconditionals="9" methods="4" coveredmethods="4"/>
        <line num="1" count="1" type="stmt"/>
        <line num="2" count="1" type="stmt"/>
        <line num="3" count="1" type="stmt"/>
        <line num="5" count="1" type="stmt"/>
        <line num="7" count="1" type="stmt"/>
        <line num="8" count="1" type="stmt"/>
        <line num="10" count="83" type="cond" truecount="1" falsecount="0"/>
        <line num="11" count="83" type="cond" truecount="1" falsecount="0"/>
        <line num="13" count="83" type="cond" truecount="1" falsecount="0"/>
        <line num="14" count="83" type="cond" truecount="1" falsecount="0"/>
        <line num="16" count="83" type="stmt"/>
        <line num="17" count="83" type="stmt"/>
        <line num="19" count="83" type="cond" truecount="1" falsecount="0"/>
        <line num="20" count="1" type="stmt"/>
        <line num="21" count="1" type="stmt"/>
        <line num="22" count="1" type="stmt"/>
        <line num="24" count="1" type="stmt"/>
        <line num="26" count="1" type="stmt"/>
        <line num="27" count="1" type="stmt"/>
        <line num="29" count="83" type="cond" truecount="1" falsecount="0"/>
        <line num="30" count="1" type="stmt"/>
        <line num="31" count="1" type="stmt"/>
        <line num="32" count="1" type="stmt"/>
        <line num="33" count="1" type="stmt"/>
        <line num="34" count="1" type="cond" truecount="0" falsecount="1"/>
        <line num="35" count="0" type="stmt"/>
        <line num="36" count="0" type="stmt"/>
        <line num="37" count="0" type="stmt"/>
        <line num="38" count="1" type="stmt"/>
        <line num="39" count="83" type="stmt"/>
        <line num="41" count="83" type="stmt"/>
        <line num="42" count="83" type="stmt"/>
        <line num="43" count="83" type="stmt"/>
        <line num="44" count="83" type="cond" truecount="2" falsecount="0"/>
        <line num="45" count="83" type="stmt"/>
        <line num="46" count="83" type="stmt"/>
        <line num="47" count="83" type="stmt"/>
        <line num="48" count="83" type="stmt"/>
        <line num="49" count="83" type="stmt"/>
        <line num="50" count="83" type="cond" truecount="1" falsecount="0"/>
        <line num="51" count="83" type="stmt"/>
        <line num="52" count="83" type="stmt"/>
        <line num="53" count="83" type="stmt"/>
        <line num="54" count="83" type="stmt"/>
        <line num="56" count="83" type="stmt"/>
      </file>
    </package>
    <package name="src.context">
      <metrics statements="21" coveredstatements="19" conditionals="2" coveredconditionals="2" methods="4" coveredmethods="2"/>
      <file name="contextCreater.tsx" path="C:\Users\Manager3\Desktop\sjrhfgsukrgh\react2024\src\context\contextCreater.tsx">
        <metrics statements="3" coveredstatements="3" conditionals="1" coveredconditionals="1" methods="1" coveredmethods="1"/>
        <line num="1" count="1" type="stmt"/>
        <line num="2" count="1" type="stmt"/>
        <line num="4" count="1" type="cond" truecount="1" falsecount="0"/>
      </file>
      <file name="contextTheme.tsx" path="C:\Users\Manager3\Desktop\sjrhfgsukrgh\react2024\src\context\contextTheme.tsx">
        <metrics statements="2" coveredstatements="2" conditionals="0" coveredconditionals="0" methods="1" coveredmethods="0"/>
        <line num="1" count="1" type="stmt"/>
        <line num="3" count="1" type="stmt"/>
      </file>
      <file name="contextThemeProvider.tsx" path="C:\Users\Manager3\Desktop\sjrhfgsukrgh\react2024\src\context\contextThemeProvider.tsx">
        <metrics statements="16" coveredstatements="14" conditionals="1" coveredconditionals="1" methods="2" coveredmethods="1"/>
        <line num="1" count="1" type="stmt"/>
        <line num="2" count="1" type="stmt"/>
        <line num="4" count="1" type="cond" truecount="1" falsecount="0"/>
        <line num="5" count="1" type="stmt"/>
        <line num="7" count="1" type="stmt"/>
        <line num="8" count="0" type="stmt"/>
        <line num="9" count="0" type="stmt"/>
        <line num="11" count="1" type="stmt"/>
        <line num="12" count="1" type="stmt"/>
        <line num="13" count="1" type="stmt"/>
        <line num="14" count="1" type="stmt"/>
        <line num="15" count="1" type="stmt"/>
        <line num="16" count="1" type="stmt"/>
        <line num="17" count="1" type="stmt"/>
        <line num="18" count="1" type="stmt"/>
        <line num="20" count="1" type="stmt"/>
      </file>
    </package>
    <package name="src.hooks">
      <metrics statements="11" coveredstatements="9" conditionals="1" coveredconditionals="1" methods="2" coveredmethods="1"/>
      <file name="useInput.tsx" path="C:\Users\Manager3\Desktop\sjrhfgsukrgh\react2024\src\hooks\useInput.tsx">
        <metrics statements="11" coveredstatements="9" conditionals="1" coveredconditionals="1" methods="2" coveredmethods="1"/>
        <line num="1" count="1" type="stmt"/>
        <line num="3" count="19" type="cond" truecount="1" falsecount="0"/>
        <line num="4" count="19" type="stmt"/>
        <line num="6" count="19" type="stmt"/>
        <line num="7" count="0" type="stmt"/>
        <line num="8" count="0" type="stmt"/>
        <line num="10" count="19" type="stmt"/>
        <line num="11" count="19" type="stmt"/>
        <line num="12" count="19" type="stmt"/>
        <line num="13" count="19" type="stmt"/>
        <line num="14" count="19" type="stmt"/>
      </file>
    </package>
    <package name="src.localStorage">
      <metrics statements="6" coveredstatements="6" conditionals="3" coveredconditionals="3" methods="2" coveredmethods="2"/>
      <file name="getString.tsx" path="C:\Users\Manager3\Desktop\sjrhfgsukrgh\react2024\src\localStorage\getString.tsx">
        <metrics statements="3" coveredstatements="3" conditionals="2" coveredconditionals="2" methods="1" coveredmethods="1"/>
        <line num="1" count="9" type="cond" truecount="1" falsecount="0"/>
        <line num="2" count="9" type="cond" truecount="1" falsecount="0"/>
        <line num="3" count="9" type="stmt"/>
      </file>
      <file name="setString.tsx" path="C:\Users\Manager3\Desktop\sjrhfgsukrgh\react2024\src\localStorage\setString.tsx">
        <metrics statements="3" coveredstatements="3" conditionals="1" coveredconditionals="1" methods="1" coveredmethods="1"/>
        <line num="1" count="3" type="cond" truecount="1" falsecount="0"/>
        <line num="2" count="3" type="stmt"/>
        <line num="3" count="3" type="stmt"/>
      </file>
    </package>
    <package name="src.services">
      <metrics statements="14" coveredstatements="14" conditionals="3" coveredconditionals="3" methods="3" coveredmethods="3"/>
      <file name="apiRAM.tsx" path="C:\Users\Manager3\Desktop\sjrhfgsukrgh\react2024\src\services\apiRAM.tsx">
        <metrics statements="14" coveredstatements="14" conditionals="3" coveredconditionals="3" methods="3" coveredmethods="3"/>
        <line num="1" count="1" type="stmt"/>
        <line num="2" count="1" type="stmt"/>
        <line num="6" count="1" type="stmt"/>
        <line num="7" count="1" type="stmt"/>
        <line num="8" count="1" type="stmt"/>
        <line num="9" count="1" type="cond" truecount="1" falsecount="0"/>
        <line num="10" count="8" type="stmt"/>
        <line num="11" count="8" type="cond" truecount="1" falsecount="0"/>
        <line num="12" count="8" type="stmt"/>
        <line num="13" count="8" type="stmt"/>
        <line num="14" count="8" type="cond" truecount="1" falsecount="0"/>
        <line num="15" count="8" type="stmt"/>
        <line num="16" count="8" type="stmt"/>
        <line num="17" count="1" type="stmt"/>
      </file>
    </package>
    <package name="src.store">
      <metrics statements="12" coveredstatements="12" conditionals="1" coveredconditionals="1" methods="1" coveredmethods="1"/>
      <file name="store.tsx" path="C:\Users\Manager3\Desktop\sjrhfgsukrgh\react2024\src\store\store.tsx">
        <metrics statements="12" coveredstatements="12" conditionals="1" coveredconditionals="1" methods="1" coveredmethods="1"/>
        <line num="1" count="1" type="stmt"/>
        <line num="2" count="1" type="stmt"/>
        <line num="3" count="1" type="stmt"/>
        <line num="4" count="1" type="stmt"/>
        <line num="6" count="1" type="stmt"/>
        <line num="7" count="1" type="stmt"/>
        <line num="8" count="1" type="stmt"/>
        <line num="9" count="1" type="stmt"/>
        <line num="10" count="1" type="stmt"/>
        <line num="11" count="1" type="stmt"/>
        <line num="12" count="1" type="cond" truecount="1" falsecount="0"/>
        <line num="13" count="1" type="stmt"/>
      </file>
    </package>
    <package name="src.types">
      <metrics statements="0" coveredstatements="0" conditionals="1" coveredconditionals="1" methods="1" coveredmethods="1"/>
      <file name="types.tsx" path="C:\Users\Manager3\Desktop\sjrhfgsukrgh\react2024\src\types\types.tsx">
        <metrics statements="0" coveredstatements="0" conditionals="1" coveredconditionals="1" methods="1" coveredmethods="1"/>
      </file>
    </package>
    <package name="src.utils">
      <metrics statements="55" coveredstatements="45" conditionals="4" coveredconditionals="4" methods="8" coveredmethods="3"/>
      <file name="constants.tsx" path="C:\Users\Manager3\Desktop\sjrhfgsukrgh\react2024\src\utils\constants.tsx">
        <metrics statements="4" coveredstatements="4" conditionals="0" coveredconditionals="0" methods="0" coveredmethods="0"/>
        <line num="1" count="1" type="stmt"/>
        <line num="2" count="1" type="stmt"/>
        <line num="4" count="1" type="stmt"/>
        <line num="5" count="1" type="stmt"/>
      </file>
      <file name="counter.tsx" path="C:\Users\Manager3\Desktop\sjrhfgsukrgh\react2024\src\utils\counter.tsx">
        <metrics statements="20" coveredstatements="16" conditionals="1" coveredconditionals="1" methods="3" coveredmethods="1"/>
        <line num="1" count="1" type="stmt"/>
        <line num="7" count="1" type="stmt"/>
        <line num="8" count="1" type="stmt"/>
        <line num="9" count="1" type="stmt"/>
        <line num="11" count="1" type="stmt"/>
        <line num="12" count="1" type="stmt"/>
        <line num="13" count="1" type="stmt"/>
        <line num="14" count="1" type="stmt"/>
        <line num="15" count="1" type="cond" truecount="1" falsecount="0"/>
        <line num="16" count="1" type="stmt"/>
        <line num="17" count="1" type="stmt"/>
        <line num="18" count="1" type="stmt"/>
        <line num="19" count="0" type="stmt"/>
        <line num="20" count="0" type="stmt"/>
        <line num="21" count="1" type="stmt"/>
        <line num="22" count="0" type="stmt"/>
        <line num="23" count="0" type="stmt"/>
        <line num="24" count="1" type="stmt"/>
        <line num="25" count="1" type="stmt"/>
        <line num="29" count="1" type="stmt"/>
      </file>
      <file name="people.tsx" path="C:\Users\Manager3\Desktop\sjrhfgsukrgh\react2024\src\utils\people.tsx">
        <metrics statements="24" coveredstatements="18" conditionals="1" coveredconditionals="1" methods="4" coveredmethods="1"/>
        <line num="1" count="1" type="stmt"/>
        <line num="9" count="1" type="stmt"/>
        <line num="10" count="1" type="stmt"/>
        <line num="11" count="1" type="stmt"/>
        <line num="12" count="1" type="stmt"/>
        <line num="14" count="1" type="stmt"/>
        <line num="15" count="1" type="stmt"/>
        <line num="16" count="1" type="stmt"/>
        <line num="17" count="1" type="stmt"/>
        <line num="18" count="1" type="cond" truecount="1" falsecount="0"/>
        <line num="19" count="1" type="stmt"/>
        <line num="20" count="1" type="stmt"/>
        <line num="21" count="1" type="stmt"/>
        <line num="22" count="0" type="stmt"/>
        <line num="23" count="0" type="stmt"/>
        <line num="24" count="1" type="stmt"/>
        <line num="25" count="0" type="stmt"/>
        <line num="26" count="0" type="stmt"/>
        <line num="27" count="1" type="stmt"/>
        <line num="28" count="0" type="stmt"/>
        <line num="29" count="0" type="stmt"/>
        <line num="30" count="1" type="stmt"/>
        <line num="31" count="1" type="stmt"/>
        <line num="36" count="1" type="stmt"/>
      </file>
      <file name="utils.tsx" path="C:\Users\Manager3\Desktop\sjrhfgsukrgh\react2024\src\utils\utils.tsx">
        <metrics statements="7" coveredstatements="7" conditionals="2" coveredconditionals="2" methods="1" coveredmethods="1"/>
        <line num="1" count="19" type="cond" truecount="1" falsecount="0"/>
        <line num="2" count="19" type="stmt"/>
        <line num="3" count="19" type="cond" truecount="1" falsecount="0"/>
        <line num="4" count="171" type="stmt"/>
        <line num="5" count="171" type="stmt"/>
        <line num="6" count="19" type="stmt"/>
        <line num="7" count="19" type="stmt"/>
      </file>
    </package>
  </project>
</coverage>
