{"C:\\Users\\Manager3\\Desktop\\sjrhfgsukrgh\\react2024\\src\\App.tsx": {"path":"C:\\Users\\Manager3\\Desktop\\sjrhfgsukrgh\\react2024\\src\\App.tsx","all":false,"statementMap":{"0":{"start":{"line":1,"column":0},"end":{"line":1,"column":19}},"1":{"start":{"line":2,"column":0},"end":{"line":2,"column":60}},"2":{"start":{"line":3,"column":0},"end":{"line":3,"column":69}},"3":{"start":{"line":4,"column":0},"end":{"line":4,"column":64}},"4":{"start":{"line":5,"column":0},"end":{"line":5,"column":58}},"5":{"start":{"line":6,"column":0},"end":{"line":6,"column":52}},"7":{"start":{"line":8,"column":0},"end":{"line":8,"column":16}},"8":{"start":{"line":9,"column":0},"end":{"line":9,"column":31}},"9":{"start":{"line":10,"column":0},"end":{"line":10,"column":10}},"10":{"start":{"line":11,"column":0},"end":{"line":11,"column":6}},"11":{"start":{"line":12,"column":0},"end":{"line":12,"column":21}},"12":{"start":{"line":13,"column":0},"end":{"line":13,"column":41}},"13":{"start":{"line":14,"column":0},"end":{"line":14,"column":51}},"14":{"start":{"line":15,"column":0},"end":{"line":15,"column":35}},"15":{"start":{"line":16,"column":0},"end":{"line":16,"column":29}},"16":{"start":{"line":17,"column":0},"end":{"line":17,"column":24}},"17":{"start":{"line":18,"column":0},"end":{"line":18,"column":59}},"18":{"start":{"line":19,"column":0},"end":{"line":19,"column":60}},"19":{"start":{"line":20,"column":0},"end":{"line":20,"column":72}},"20":{"start":{"line":21,"column":0},"end":{"line":21,"column":26}},"21":{"start":{"line":22,"column":0},"end":{"line":22,"column":63}},"22":{"start":{"line":23,"column":0},"end":{"line":23,"column":25}},"23":{"start":{"line":24,"column":0},"end":{"line":24,"column":30}},"24":{"start":{"line":25,"column":0},"end":{"line":25,"column":18}},"25":{"start":{"line":26,"column":0},"end":{"line":26,"column":16}},"26":{"start":{"line":27,"column":0},"end":{"line":27,"column":14}},"27":{"start":{"line":28,"column":0},"end":{"line":28,"column":22}},"28":{"start":{"line":29,"column":0},"end":{"line":29,"column":7}},"30":{"start":{"line":31,"column":0},"end":{"line":31,"column":1}},"32":{"start":{"line":33,"column":0},"end":{"line":33,"column":19}}},"s":{"0":1,"1":1,"2":1,"3":1,"4":1,"5":1,"7":3,"8":3,"9":3,"10":3,"11":3,"12":3,"13":3,"14":3,"15":3,"16":3,"17":3,"18":3,"19":3,"20":3,"21":3,"22":3,"23":3,"24":3,"25":3,"26":3,"27":3,"28":3,"30":3,"32":1},"branchMap":{"0":{"type":"branch","line":8,"loc":{"start":{"line":8,"column":0},"end":{"line":31,"column":1}},"locations":[{"start":{"line":8,"column":0},"end":{"line":31,"column":1}}]}},"b":{"0":[3]},"fnMap":{"0":{"name":"App","decl":{"start":{"line":8,"column":0},"end":{"line":31,"column":1}},"loc":{"start":{"line":8,"column":0},"end":{"line":31,"column":1}},"line":8}},"f":{"0":3}}
,"C:\\Users\\Manager3\\Desktop\\sjrhfgsukrgh\\react2024\\src\\main.tsx": {"path":"C:\\Users\\Manager3\\Desktop\\sjrhfgsukrgh\\react2024\\src\\main.tsx","all":true,"statementMap":{"0":{"start":{"line":1,"column":0},"end":{"line":1,"column":26}},"1":{"start":{"line":2,"column":0},"end":{"line":2,"column":40}},"2":{"start":{"line":3,"column":0},"end":{"line":3,"column":28}},"3":{"start":{"line":4,"column":0},"end":{"line":4,"column":21}},"4":{"start":{"line":5,"column":0},"end":{"line":5,"column":67}},"5":{"start":{"line":6,"column":0},"end":{"line":6,"column":39}},"6":{"start":{"line":7,"column":0},"end":{"line":7,"column":42}},"8":{"start":{"line":9,"column":0},"end":{"line":9,"column":61}},"9":{"start":{"line":10,"column":0},"end":{"line":10,"column":20}},"10":{"start":{"line":11,"column":0},"end":{"line":11,"column":28}},"11":{"start":{"line":12,"column":0},"end":{"line":12,"column":21}},"12":{"start":{"line":13,"column":0},"end":{"line":13,"column":15}},"13":{"start":{"line":14,"column":0},"end":{"line":14,"column":22}},"14":{"start":{"line":15,"column":0},"end":{"line":15,"column":15}},"15":{"start":{"line":16,"column":0},"end":{"line":16,"column":22}},"16":{"start":{"line":17,"column":0},"end":{"line":17,"column":2}}},"s":{"0":0,"1":0,"2":0,"3":0,"4":0,"5":0,"6":0,"8":0,"9":0,"10":0,"11":0,"12":0,"13":0,"14":0,"15":0,"16":0},"branchMap":{"0":{"type":"branch","line":1,"loc":{"start":{"line":1,"column":485},"end":{"line":17,"column":2}},"locations":[{"start":{"line":1,"column":485},"end":{"line":17,"column":2}}]}},"b":{"0":[0]},"fnMap":{"0":{"name":"(empty-report)","decl":{"start":{"line":1,"column":485},"end":{"line":17,"column":2}},"loc":{"start":{"line":1,"column":485},"end":{"line":17,"column":2}},"line":1}},"f":{"0":0}}
,"C:\\Users\\Manager3\\Desktop\\sjrhfgsukrgh\\react2024\\src\\components\\ErrorBoundary\\ErrorBoundary.tsx": {"path":"C:\\Users\\Manager3\\Desktop\\sjrhfgsukrgh\\react2024\\src\\components\\ErrorBoundary\\ErrorBoundary.tsx","all":false,"statementMap":{"0":{"start":{"line":1,"column":0},"end":{"line":1,"column":56}},"10":{"start":{"line":11,"column":0},"end":{"line":11,"column":53}},"11":{"start":{"line":12,"column":0},"end":{"line":12,"column":25}},"12":{"start":{"line":13,"column":0},"end":{"line":13,"column":20}},"13":{"start":{"line":14,"column":0},"end":{"line":14,"column":4}},"15":{"start":{"line":16,"column":0},"end":{"line":16,"column":59}},"17":{"start":{"line":18,"column":0},"end":{"line":18,"column":21}},"18":{"start":{"line":19,"column":0},"end":{"line":19,"column":30}},"19":{"start":{"line":20,"column":0},"end":{"line":20,"column":3}},"21":{"start":{"line":22,"column":0},"end":{"line":22,"column":64}},"22":{"start":{"line":23,"column":0},"end":{"line":23,"column":55}},"23":{"start":{"line":24,"column":0},"end":{"line":24,"column":3}},"25":{"start":{"line":26,"column":0},"end":{"line":26,"column":19}},"26":{"start":{"line":27,"column":0},"end":{"line":27,"column":30}},"27":{"start":{"line":28,"column":0},"end":{"line":28,"column":49}},"28":{"start":{"line":29,"column":0},"end":{"line":29,"column":5}},"30":{"start":{"line":31,"column":0},"end":{"line":31,"column":31}},"31":{"start":{"line":32,"column":0},"end":{"line":32,"column":3}},"32":{"start":{"line":33,"column":0},"end":{"line":33,"column":1}},"34":{"start":{"line":35,"column":0},"end":{"line":35,"column":29}}},"s":{"0":1,"10":7,"11":7,"12":7,"13":7,"15":1,"17":2,"18":2,"19":2,"21":1,"22":1,"23":1,"25":1,"26":8,"27":2,"28":2,"30":6,"31":8,"32":1,"34":1},"branchMap":{"0":{"type":"branch","line":11,"loc":{"start":{"line":11,"column":0},"end":{"line":14,"column":4}},"locations":[{"start":{"line":11,"column":0},"end":{"line":14,"column":4}}]},"1":{"type":"branch","line":16,"loc":{"start":{"line":16,"column":16},"end":{"line":20,"column":3}},"locations":[{"start":{"line":16,"column":16},"end":{"line":20,"column":3}}]},"2":{"type":"branch","line":22,"loc":{"start":{"line":22,"column":9},"end":{"line":24,"column":3}},"locations":[{"start":{"line":22,"column":9},"end":{"line":24,"column":3}}]},"3":{"type":"branch","line":26,"loc":{"start":{"line":26,"column":9},"end":{"line":32,"column":3}},"locations":[{"start":{"line":26,"column":9},"end":{"line":32,"column":3}}]},"4":{"type":"branch","line":27,"loc":{"start":{"line":27,"column":29},"end":{"line":29,"column":5}},"locations":[{"start":{"line":27,"column":29},"end":{"line":29,"column":5}}]},"5":{"type":"branch","line":29,"loc":{"start":{"line":29,"column":4},"end":{"line":31,"column":31}},"locations":[{"start":{"line":29,"column":4},"end":{"line":31,"column":31}}]}},"b":{"0":[7],"1":[2],"2":[1],"3":[8],"4":[2],"5":[6]},"fnMap":{"0":{"name":"ErrorBoundary","decl":{"start":{"line":11,"column":0},"end":{"line":14,"column":4}},"loc":{"start":{"line":11,"column":0},"end":{"line":14,"column":4}},"line":11},"1":{"name":"getDerivedStateFromError","decl":{"start":{"line":16,"column":16},"end":{"line":20,"column":3}},"loc":{"start":{"line":16,"column":16},"end":{"line":20,"column":3}},"line":16},"2":{"name":"componentDidCatch","decl":{"start":{"line":22,"column":9},"end":{"line":24,"column":3}},"loc":{"start":{"line":22,"column":9},"end":{"line":24,"column":3}},"line":22},"3":{"name":"render","decl":{"start":{"line":26,"column":9},"end":{"line":32,"column":3}},"loc":{"start":{"line":26,"column":9},"end":{"line":32,"column":3}},"line":26}},"f":{"0":7,"1":2,"2":1,"3":8}}
,"C:\\Users\\Manager3\\Desktop\\sjrhfgsukrgh\\react2024\\src\\components\\bottomLine\\bottomLine.tsx": {"path":"C:\\Users\\Manager3\\Desktop\\sjrhfgsukrgh\\react2024\\src\\components\\bottomLine\\bottomLine.tsx","all":false,"statementMap":{"0":{"start":{"line":1,"column":0},"end":{"line":1,"column":44}},"1":{"start":{"line":2,"column":0},"end":{"line":2,"column":50}},"2":{"start":{"line":3,"column":0},"end":{"line":3,"column":53}},"3":{"start":{"line":4,"column":0},"end":{"line":4,"column":44}},"4":{"start":{"line":5,"column":0},"end":{"line":5,"column":53}},"5":{"start":{"line":6,"column":0},"end":{"line":6,"column":53}},"6":{"start":{"line":7,"column":0},"end":{"line":7,"column":66}},"7":{"start":{"line":8,"column":0},"end":{"line":8,"column":43}},"8":{"start":{"line":9,"column":0},"end":{"line":9,"column":50}},"9":{"start":{"line":10,"column":0},"end":{"line":10,"column":39}},"10":{"start":{"line":11,"column":0},"end":{"line":11,"column":56}},"11":{"start":{"line":12,"column":0},"end":{"line":12,"column":68}},"12":{"start":{"line":13,"column":0},"end":{"line":13,"column":47}},"14":{"start":{"line":15,"column":0},"end":{"line":15,"column":42}},"15":{"start":{"line":16,"column":0},"end":{"line":16,"column":48}},"17":{"start":{"line":18,"column":0},"end":{"line":18,"column":30}},"18":{"start":{"line":19,"column":0},"end":{"line":19,"column":46}},"20":{"start":{"line":21,"column":0},"end":{"line":21,"column":41}},"21":{"start":{"line":22,"column":0},"end":{"line":22,"column":33}},"22":{"start":{"line":23,"column":0},"end":{"line":23,"column":33}},"23":{"start":{"line":24,"column":0},"end":{"line":24,"column":32}},"25":{"start":{"line":26,"column":0},"end":{"line":26,"column":33}},"27":{"start":{"line":28,"column":0},"end":{"line":28,"column":39}},"29":{"start":{"line":30,"column":0},"end":{"line":30,"column":118}},"31":{"start":{"line":32,"column":0},"end":{"line":32,"column":27}},"32":{"start":{"line":33,"column":0},"end":{"line":33,"column":39}},"33":{"start":{"line":34,"column":0},"end":{"line":34,"column":4}},"35":{"start":{"line":36,"column":0},"end":{"line":36,"column":19}},"36":{"start":{"line":37,"column":0},"end":{"line":37,"column":53}},"37":{"start":{"line":38,"column":0},"end":{"line":38,"column":63}},"38":{"start":{"line":39,"column":0},"end":{"line":39,"column":52}},"39":{"start":{"line":40,"column":0},"end":{"line":40,"column":51}},"40":{"start":{"line":41,"column":0},"end":{"line":41,"column":5}},"41":{"start":{"line":42,"column":0},"end":{"line":42,"column":22}},"42":{"start":{"line":43,"column":0},"end":{"line":43,"column":34}},"44":{"start":{"line":45,"column":0},"end":{"line":45,"column":49}},"45":{"start":{"line":46,"column":0},"end":{"line":46,"column":22}},"46":{"start":{"line":47,"column":0},"end":{"line":47,"column":28}},"47":{"start":{"line":48,"column":0},"end":{"line":48,"column":4}},"49":{"start":{"line":50,"column":0},"end":{"line":50,"column":10}},"50":{"start":{"line":51,"column":0},"end":{"line":51,"column":6}},"51":{"start":{"line":52,"column":0},"end":{"line":52,"column":57}},"52":{"start":{"line":53,"column":0},"end":{"line":53,"column":13}},"53":{"start":{"line":54,"column":0},"end":{"line":54,"column":14}},"54":{"start":{"line":55,"column":0},"end":{"line":55,"column":36}},"55":{"start":{"line":56,"column":0},"end":{"line":56,"column":15}},"56":{"start":{"line":57,"column":0},"end":{"line":57,"column":14}},"57":{"start":{"line":58,"column":0},"end":{"line":58,"column":43}},"58":{"start":{"line":59,"column":0},"end":{"line":59,"column":15}},"59":{"start":{"line":60,"column":0},"end":{"line":60,"column":14}},"60":{"start":{"line":61,"column":0},"end":{"line":61,"column":103}},"61":{"start":{"line":62,"column":0},"end":{"line":62,"column":51}},"62":{"start":{"line":63,"column":0},"end":{"line":63,"column":23}},"63":{"start":{"line":64,"column":0},"end":{"line":64,"column":112}},"64":{"start":{"line":65,"column":0},"end":{"line":65,"column":12}},"65":{"start":{"line":66,"column":0},"end":{"line":66,"column":20}},"66":{"start":{"line":67,"column":0},"end":{"line":67,"column":40}},"68":{"start":{"line":69,"column":0},"end":{"line":69,"column":10}},"69":{"start":{"line":70,"column":0},"end":{"line":70,"column":69}},"70":{"start":{"line":71,"column":0},"end":{"line":71,"column":40}},"71":{"start":{"line":72,"column":0},"end":{"line":72,"column":16}},"72":{"start":{"line":73,"column":0},"end":{"line":73,"column":24}},"73":{"start":{"line":74,"column":0},"end":{"line":74,"column":56}},"74":{"start":{"line":75,"column":0},"end":{"line":75,"column":42}},"75":{"start":{"line":76,"column":0},"end":{"line":76,"column":33}},"76":{"start":{"line":77,"column":0},"end":{"line":77,"column":42}},"77":{"start":{"line":78,"column":0},"end":{"line":78,"column":44}},"78":{"start":{"line":79,"column":0},"end":{"line":79,"column":40}},"79":{"start":{"line":80,"column":0},"end":{"line":80,"column":46}},"80":{"start":{"line":81,"column":0},"end":{"line":81,"column":48}},"81":{"start":{"line":82,"column":0},"end":{"line":82,"column":46}},"82":{"start":{"line":83,"column":0},"end":{"line":83,"column":40}},"83":{"start":{"line":84,"column":0},"end":{"line":84,"column":42}},"85":{"start":{"line":86,"column":0},"end":{"line":86,"column":24}},"86":{"start":{"line":87,"column":0},"end":{"line":87,"column":26}},"87":{"start":{"line":88,"column":0},"end":{"line":88,"column":21}},"88":{"start":{"line":89,"column":0},"end":{"line":89,"column":17}},"89":{"start":{"line":90,"column":0},"end":{"line":90,"column":18}},"91":{"start":{"line":92,"column":0},"end":{"line":92,"column":17}},"92":{"start":{"line":93,"column":0},"end":{"line":93,"column":28}},"93":{"start":{"line":94,"column":0},"end":{"line":94,"column":18}},"94":{"start":{"line":95,"column":0},"end":{"line":95,"column":16}},"95":{"start":{"line":96,"column":0},"end":{"line":96,"column":38}},"96":{"start":{"line":97,"column":0},"end":{"line":97,"column":41}},"97":{"start":{"line":98,"column":0},"end":{"line":98,"column":116}},"98":{"start":{"line":99,"column":0},"end":{"line":99,"column":22}},"99":{"start":{"line":100,"column":0},"end":{"line":100,"column":21}},"100":{"start":{"line":101,"column":0},"end":{"line":101,"column":15}},"101":{"start":{"line":102,"column":0},"end":{"line":102,"column":16}},"102":{"start":{"line":103,"column":0},"end":{"line":103,"column":30}},"103":{"start":{"line":104,"column":0},"end":{"line":104,"column":11}},"105":{"start":{"line":106,"column":0},"end":{"line":106,"column":7}},"107":{"start":{"line":108,"column":0},"end":{"line":108,"column":1}},"109":{"start":{"line":110,"column":0},"end":{"line":110,"column":26}}},"s":{"0":1,"1":1,"2":1,"3":1,"4":1,"5":1,"6":1,"7":1,"8":1,"9":1,"10":1,"11":1,"12":1,"14":1,"15":1,"17":1,"18":19,"20":19,"21":19,"22":19,"23":19,"25":19,"27":19,"29":19,"31":19,"32":2,"33":2,"35":19,"36":10,"37":10,"38":10,"39":2,"40":2,"41":10,"42":19,"44":19,"45":0,"46":0,"47":0,"49":19,"50":19,"51":19,"52":19,"53":19,"54":19,"55":19,"56":19,"57":19,"58":19,"59":19,"60":19,"61":19,"62":19,"63":19,"64":19,"65":19,"66":13,"68":6,"69":6,"70":6,"71":6,"72":6,"73":6,"74":120,"75":120,"76":120,"77":120,"78":120,"79":120,"80":120,"81":120,"82":120,"83":120,"85":120,"86":120,"87":6,"88":6,"89":6,"91":6,"92":6,"93":6,"94":6,"95":6,"96":6,"97":54,"98":54,"99":54,"100":6,"101":6,"102":6,"103":6,"105":19,"107":19,"109":1},"branchMap":{"0":{"type":"branch","line":18,"loc":{"start":{"line":18,"column":7},"end":{"line":108,"column":1}},"locations":[{"start":{"line":18,"column":7},"end":{"line":108,"column":1}}]},"1":{"type":"branch","line":64,"loc":{"start":{"line":64,"column":54},"end":{"line":64,"column":103}},"locations":[{"start":{"line":64,"column":54},"end":{"line":64,"column":103}}]},"2":{"type":"branch","line":66,"loc":{"start":{"line":66,"column":7},"end":{"line":67,"column":40}},"locations":[{"start":{"line":66,"column":7},"end":{"line":67,"column":40}}]},"3":{"type":"branch","line":67,"loc":{"start":{"line":67,"column":33},"end":{"line":104,"column":11}},"locations":[{"start":{"line":67,"column":33},"end":{"line":104,"column":11}}]},"4":{"type":"branch","line":32,"loc":{"start":{"line":32,"column":20},"end":{"line":34,"column":4}},"locations":[{"start":{"line":32,"column":20},"end":{"line":34,"column":4}}]},"5":{"type":"branch","line":36,"loc":{"start":{"line":36,"column":12},"end":{"line":43,"column":5}},"locations":[{"start":{"line":36,"column":12},"end":{"line":43,"column":5}}]},"6":{"type":"branch","line":38,"loc":{"start":{"line":38,"column":49},"end":{"line":38,"column":59}},"locations":[{"start":{"line":38,"column":49},"end":{"line":38,"column":59}}]},"7":{"type":"branch","line":39,"loc":{"start":{"line":39,"column":51},"end":{"line":41,"column":5}},"locations":[{"start":{"line":39,"column":51},"end":{"line":41,"column":5}}]},"8":{"type":"branch","line":74,"loc":{"start":{"line":74,"column":35},"end":{"line":87,"column":26}},"locations":[{"start":{"line":74,"column":35},"end":{"line":87,"column":26}}]},"9":{"type":"branch","line":97,"loc":{"start":{"line":97,"column":23},"end":{"line":100,"column":21}},"locations":[{"start":{"line":97,"column":23},"end":{"line":100,"column":21}}]}},"b":{"0":[19],"1":[0],"2":[13],"3":[6],"4":[2],"5":[10],"6":[2],"7":[2],"8":[120],"9":[54]},"fnMap":{"0":{"name":"BottomLine","decl":{"start":{"line":18,"column":7},"end":{"line":108,"column":1}},"loc":{"start":{"line":18,"column":7},"end":{"line":108,"column":1}},"line":18},"1":{"name":"getSearch","decl":{"start":{"line":32,"column":20},"end":{"line":34,"column":4}},"loc":{"start":{"line":32,"column":20},"end":{"line":34,"column":4}},"line":32},"2":{"name":"handleCurPage","decl":{"start":{"line":45,"column":24},"end":{"line":48,"column":4}},"loc":{"start":{"line":45,"column":24},"end":{"line":48,"column":4}},"line":45},"3":{"name":"onClick","decl":{"start":{"line":98,"column":68},"end":{"line":98,"column":95}},"loc":{"start":{"line":98,"column":68},"end":{"line":98,"column":95}},"line":98}},"f":{"0":19,"1":2,"2":0,"3":0}}
,"C:\\Users\\Manager3\\Desktop\\sjrhfgsukrgh\\react2024\\src\\components\\buttonError\\buttonError.tsx": {"path":"C:\\Users\\Manager3\\Desktop\\sjrhfgsukrgh\\react2024\\src\\components\\buttonError\\buttonError.tsx","all":false,"statementMap":{"0":{"start":{"line":1,"column":0},"end":{"line":1,"column":44}},"2":{"start":{"line":3,"column":0},"end":{"line":3,"column":24}},"3":{"start":{"line":4,"column":0},"end":{"line":4,"column":48}},"5":{"start":{"line":6,"column":0},"end":{"line":6,"column":19}},"6":{"start":{"line":7,"column":0},"end":{"line":7,"column":18}},"7":{"start":{"line":8,"column":0},"end":{"line":8,"column":43}},"8":{"start":{"line":9,"column":0},"end":{"line":9,"column":5}},"9":{"start":{"line":10,"column":0},"end":{"line":10,"column":16}},"11":{"start":{"line":12,"column":0},"end":{"line":12,"column":29}},"12":{"start":{"line":13,"column":0},"end":{"line":13,"column":21}},"13":{"start":{"line":14,"column":0},"end":{"line":14,"column":4}},"15":{"start":{"line":16,"column":0},"end":{"line":16,"column":10}},"16":{"start":{"line":17,"column":0},"end":{"line":17,"column":61}},"18":{"start":{"line":19,"column":0},"end":{"line":19,"column":13}},"20":{"start":{"line":21,"column":0},"end":{"line":21,"column":1}},"22":{"start":{"line":23,"column":0},"end":{"line":23,"column":27}}},"s":{"0":1,"2":18,"3":18,"5":18,"6":10,"7":1,"8":1,"9":18,"11":18,"12":1,"13":1,"15":18,"16":18,"18":18,"20":18,"22":1},"branchMap":{"0":{"type":"branch","line":3,"loc":{"start":{"line":3,"column":0},"end":{"line":21,"column":1}},"locations":[{"start":{"line":3,"column":0},"end":{"line":21,"column":1}}]},"1":{"type":"branch","line":6,"loc":{"start":{"line":6,"column":12},"end":{"line":10,"column":5}},"locations":[{"start":{"line":6,"column":12},"end":{"line":10,"column":5}}]},"2":{"type":"branch","line":7,"loc":{"start":{"line":7,"column":17},"end":{"line":9,"column":5}},"locations":[{"start":{"line":7,"column":17},"end":{"line":9,"column":5}}]},"3":{"type":"branch","line":12,"loc":{"start":{"line":12,"column":22},"end":{"line":14,"column":4}},"locations":[{"start":{"line":12,"column":22},"end":{"line":14,"column":4}}]}},"b":{"0":[18],"1":[10],"2":[1],"3":[1]},"fnMap":{"0":{"name":"ErrorButton","decl":{"start":{"line":3,"column":0},"end":{"line":21,"column":1}},"loc":{"start":{"line":3,"column":0},"end":{"line":21,"column":1}},"line":3},"1":{"name":"handleError","decl":{"start":{"line":12,"column":22},"end":{"line":14,"column":4}},"loc":{"start":{"line":12,"column":22},"end":{"line":14,"column":4}},"line":12}},"f":{"0":18,"1":1}}
,"C:\\Users\\Manager3\\Desktop\\sjrhfgsukrgh\\react2024\\src\\components\\detailCard\\detailCard.tsx": {"path":"C:\\Users\\Manager3\\Desktop\\sjrhfgsukrgh\\react2024\\src\\components\\detailCard\\detailCard.tsx","all":false,"statementMap":{"0":{"start":{"line":1,"column":0},"end":{"line":1,"column":39}},"1":{"start":{"line":2,"column":0},"end":{"line":2,"column":47}},"2":{"start":{"line":3,"column":0},"end":{"line":3,"column":47}},"4":{"start":{"line":5,"column":0},"end":{"line":5,"column":38}},"5":{"start":{"line":6,"column":0},"end":{"line":6,"column":33}},"6":{"start":{"line":7,"column":0},"end":{"line":7,"column":60}},"7":{"start":{"line":8,"column":0},"end":{"line":8,"column":45}},"8":{"start":{"line":9,"column":0},"end":{"line":9,"column":67}},"10":{"start":{"line":11,"column":0},"end":{"line":11,"column":34}},"11":{"start":{"line":12,"column":0},"end":{"line":12,"column":39}},"12":{"start":{"line":13,"column":0},"end":{"line":13,"column":64}},"13":{"start":{"line":14,"column":0},"end":{"line":14,"column":4}},"15":{"start":{"line":16,"column":0},"end":{"line":16,"column":32}},"17":{"start":{"line":18,"column":0},"end":{"line":18,"column":26}},"19":{"start":{"line":20,"column":0},"end":{"line":20,"column":10}},"20":{"start":{"line":21,"column":0},"end":{"line":21,"column":6}},"21":{"start":{"line":22,"column":0},"end":{"line":22,"column":20}},"22":{"start":{"line":23,"column":0},"end":{"line":23,"column":65}},"23":{"start":{"line":24,"column":0},"end":{"line":24,"column":18}},"24":{"start":{"line":25,"column":0},"end":{"line":25,"column":13}},"25":{"start":{"line":26,"column":0},"end":{"line":26,"column":75}},"27":{"start":{"line":28,"column":0},"end":{"line":28,"column":19}},"28":{"start":{"line":29,"column":0},"end":{"line":29,"column":41}},"29":{"start":{"line":30,"column":0},"end":{"line":30,"column":30}},"30":{"start":{"line":31,"column":0},"end":{"line":31,"column":31}},"31":{"start":{"line":32,"column":0},"end":{"line":32,"column":30}},"32":{"start":{"line":33,"column":0},"end":{"line":33,"column":28}},"33":{"start":{"line":34,"column":0},"end":{"line":34,"column":30}},"34":{"start":{"line":35,"column":0},"end":{"line":35,"column":14}},"35":{"start":{"line":36,"column":0},"end":{"line":36,"column":15}},"36":{"start":{"line":37,"column":0},"end":{"line":37,"column":7}},"38":{"start":{"line":39,"column":0},"end":{"line":39,"column":1}}},"s":{"0":1,"1":1,"2":1,"4":9,"5":9,"6":9,"7":9,"8":9,"10":9,"11":0,"12":0,"13":0,"15":9,"17":5,"19":0,"20":0,"21":0,"22":0,"23":0,"24":0,"25":0,"27":0,"28":0,"29":0,"30":0,"31":0,"32":0,"33":0,"34":0,"35":0,"36":9,"38":9},"branchMap":{"0":{"type":"branch","line":5,"loc":{"start":{"line":5,"column":0},"end":{"line":39,"column":1}},"locations":[{"start":{"line":5,"column":0},"end":{"line":39,"column":1}}]},"1":{"type":"branch","line":16,"loc":{"start":{"line":16,"column":19},"end":{"line":16,"column":32}},"locations":[{"start":{"line":16,"column":19},"end":{"line":16,"column":32}}]},"2":{"type":"branch","line":16,"loc":{"start":{"line":16,"column":28},"end":{"line":18,"column":26}},"locations":[{"start":{"line":16,"column":28},"end":{"line":18,"column":26}}]},"3":{"type":"branch","line":18,"loc":{"start":{"line":18,"column":22},"end":{"line":23,"column":65}},"locations":[{"start":{"line":18,"column":22},"end":{"line":23,"column":65}}]},"4":{"type":"branch","line":23,"loc":{"start":{"line":23,"column":58},"end":{"line":36,"column":15}},"locations":[{"start":{"line":23,"column":58},"end":{"line":36,"column":15}}]}},"b":{"0":[9],"1":[4],"2":[5],"3":[0],"4":[0]},"fnMap":{"0":{"name":"DetailCard","decl":{"start":{"line":5,"column":0},"end":{"line":39,"column":1}},"loc":{"start":{"line":5,"column":0},"end":{"line":39,"column":1}},"line":5},"1":{"name":"handleDelDetails","decl":{"start":{"line":11,"column":27},"end":{"line":14,"column":4}},"loc":{"start":{"line":11,"column":27},"end":{"line":14,"column":4}},"line":11}},"f":{"0":9,"1":0}}
,"C:\\Users\\Manager3\\Desktop\\sjrhfgsukrgh\\react2024\\src\\components\\enums\\enums.ts": {"path":"C:\\Users\\Manager3\\Desktop\\sjrhfgsukrgh\\react2024\\src\\components\\enums\\enums.ts","all":false,"statementMap":{"0":{"start":{"line":1,"column":0},"end":{"line":1,"column":19}},"1":{"start":{"line":2,"column":0},"end":{"line":2,"column":59}},"2":{"start":{"line":3,"column":0},"end":{"line":3,"column":23}},"3":{"start":{"line":4,"column":0},"end":{"line":4,"column":21}},"4":{"start":{"line":5,"column":0},"end":{"line":5,"column":22}}},"s":{"0":1,"1":1,"2":1,"3":1,"4":1},"branchMap":{"0":{"type":"branch","line":1,"loc":{"start":{"line":1,"column":7},"end":{"line":1,"column":19}},"locations":[{"start":{"line":1,"column":7},"end":{"line":1,"column":19}}]}},"b":{"0":[8]},"fnMap":{},"f":{}}
,"C:\\Users\\Manager3\\Desktop\\sjrhfgsukrgh\\react2024\\src\\components\\modalCheckedItem\\modalCheckedItem.tsx": {"path":"C:\\Users\\Manager3\\Desktop\\sjrhfgsukrgh\\react2024\\src\\components\\modalCheckedItem\\modalCheckedItem.tsx","all":false,"statementMap":{"0":{"start":{"line":1,"column":0},"end":{"line":1,"column":42}},"2":{"start":{"line":3,"column":0},"end":{"line":3,"column":42}},"3":{"start":{"line":4,"column":0},"end":{"line":4,"column":50}},"4":{"start":{"line":5,"column":0},"end":{"line":5,"column":53}},"5":{"start":{"line":6,"column":0},"end":{"line":6,"column":33}},"7":{"start":{"line":8,"column":0},"end":{"line":8,"column":44}},"8":{"start":{"line":9,"column":0},"end":{"line":9,"column":39}},"9":{"start":{"line":10,"column":0},"end":{"line":10,"column":47}},"10":{"start":{"line":11,"column":0},"end":{"line":11,"column":71}},"11":{"start":{"line":12,"column":0},"end":{"line":12,"column":73}},"12":{"start":{"line":13,"column":0},"end":{"line":13,"column":33}},"14":{"start":{"line":15,"column":0},"end":{"line":15,"column":29}},"15":{"start":{"line":16,"column":0},"end":{"line":16,"column":12}},"16":{"start":{"line":17,"column":0},"end":{"line":17,"column":54}},"17":{"start":{"line":18,"column":0},"end":{"line":18,"column":80}},"18":{"start":{"line":19,"column":0},"end":{"line":19,"column":17}},"19":{"start":{"line":20,"column":0},"end":{"line":20,"column":4}},"21":{"start":{"line":22,"column":0},"end":{"line":22,"column":30}},"22":{"start":{"line":23,"column":0},"end":{"line":23,"column":26}},"23":{"start":{"line":24,"column":0},"end":{"line":24,"column":29}},"24":{"start":{"line":25,"column":0},"end":{"line":25,"column":4}},"26":{"start":{"line":27,"column":0},"end":{"line":27,"column":37}},"27":{"start":{"line":28,"column":0},"end":{"line":28,"column":30}},"28":{"start":{"line":29,"column":0},"end":{"line":29,"column":58}},"29":{"start":{"line":30,"column":0},"end":{"line":30,"column":48}},"30":{"start":{"line":31,"column":0},"end":{"line":31,"column":63}},"31":{"start":{"line":32,"column":0},"end":{"line":32,"column":20}},"32":{"start":{"line":33,"column":0},"end":{"line":33,"column":4}},"34":{"start":{"line":35,"column":0},"end":{"line":35,"column":10}},"35":{"start":{"line":36,"column":0},"end":{"line":36,"column":6}},"36":{"start":{"line":37,"column":0},"end":{"line":37,"column":21}},"37":{"start":{"line":38,"column":0},"end":{"line":38,"column":40}},"38":{"start":{"line":39,"column":0},"end":{"line":39,"column":49}},"39":{"start":{"line":40,"column":0},"end":{"line":40,"column":56}},"40":{"start":{"line":41,"column":0},"end":{"line":41,"column":18}},"41":{"start":{"line":42,"column":0},"end":{"line":42,"column":85}},"43":{"start":{"line":44,"column":0},"end":{"line":44,"column":16}},"44":{"start":{"line":45,"column":0},"end":{"line":45,"column":19}},"45":{"start":{"line":46,"column":0},"end":{"line":46,"column":14}},"47":{"start":{"line":48,"column":0},"end":{"line":48,"column":7}},"49":{"start":{"line":50,"column":0},"end":{"line":50,"column":1}}},"s":{"0":1,"2":1,"3":1,"4":1,"5":1,"7":6,"8":6,"9":6,"10":6,"11":6,"12":6,"14":6,"15":0,"16":0,"17":0,"18":0,"19":0,"21":6,"22":0,"23":0,"24":0,"26":6,"27":0,"28":0,"29":0,"30":0,"31":0,"32":0,"34":6,"35":6,"36":6,"37":0,"38":0,"39":0,"40":0,"41":0,"43":0,"44":0,"45":0,"47":6,"49":6},"branchMap":{"0":{"type":"branch","line":8,"loc":{"start":{"line":8,"column":0},"end":{"line":50,"column":1}},"locations":[{"start":{"line":8,"column":0},"end":{"line":50,"column":1}}]},"1":{"type":"branch","line":37,"loc":{"start":{"line":37,"column":15},"end":{"line":46,"column":14}},"locations":[{"start":{"line":37,"column":15},"end":{"line":46,"column":14}}]},"2":{"type":"branch","line":11,"loc":{"start":{"line":11,"column":28},"end":{"line":11,"column":69}},"locations":[{"start":{"line":11,"column":28},"end":{"line":11,"column":69}}]},"3":{"type":"branch","line":12,"loc":{"start":{"line":12,"column":36},"end":{"line":12,"column":71}},"locations":[{"start":{"line":12,"column":36},"end":{"line":12,"column":71}}]}},"b":{"0":[6],"1":[0],"2":[14],"3":[14]},"fnMap":{"0":{"name":"ModalCheckedItem","decl":{"start":{"line":8,"column":0},"end":{"line":50,"column":1}},"loc":{"start":{"line":8,"column":0},"end":{"line":50,"column":1}},"line":8},"1":{"name":"peopleToCsv","decl":{"start":{"line":15,"column":22},"end":{"line":20,"column":4}},"loc":{"start":{"line":15,"column":22},"end":{"line":20,"column":4}},"line":15},"2":{"name":"handleDelete","decl":{"start":{"line":22,"column":23},"end":{"line":25,"column":4}},"loc":{"start":{"line":22,"column":23},"end":{"line":25,"column":4}},"line":22},"3":{"name":"handleClickDownload","decl":{"start":{"line":27,"column":30},"end":{"line":33,"column":4}},"loc":{"start":{"line":27,"column":30},"end":{"line":33,"column":4}},"line":27},"4":{"name":"onClick","decl":{"start":{"line":42,"column":56},"end":{"line":42,"column":85}},"loc":{"start":{"line":42,"column":56},"end":{"line":42,"column":85}},"line":42}},"f":{"0":6,"1":0,"2":0,"3":0,"4":0}}
,"C:\\Users\\Manager3\\Desktop\\sjrhfgsukrgh\\react2024\\src\\components\\notFound\\notFound.tsx": {"path":"C:\\Users\\Manager3\\Desktop\\sjrhfgsukrgh\\react2024\\src\\components\\notFound\\notFound.tsx","all":false,"statementMap":{"0":{"start":{"line":1,"column":0},"end":{"line":1,"column":40}},"2":{"start":{"line":3,"column":0},"end":{"line":3,"column":25}},"3":{"start":{"line":4,"column":0},"end":{"line":4,"column":10}},"4":{"start":{"line":5,"column":0},"end":{"line":5,"column":6}},"5":{"start":{"line":6,"column":0},"end":{"line":6,"column":22}},"6":{"start":{"line":7,"column":0},"end":{"line":7,"column":36}},"7":{"start":{"line":8,"column":0},"end":{"line":8,"column":7}},"9":{"start":{"line":10,"column":0},"end":{"line":10,"column":1}},"11":{"start":{"line":12,"column":0},"end":{"line":12,"column":28}}},"s":{"0":1,"2":1,"3":1,"4":1,"5":1,"6":1,"7":1,"9":1,"11":1},"branchMap":{"0":{"type":"branch","line":3,"loc":{"start":{"line":3,"column":0},"end":{"line":10,"column":1}},"locations":[{"start":{"line":3,"column":0},"end":{"line":10,"column":1}}]}},"b":{"0":[1]},"fnMap":{"0":{"name":"NotFoundPage","decl":{"start":{"line":3,"column":0},"end":{"line":10,"column":1}},"loc":{"start":{"line":3,"column":0},"end":{"line":10,"column":1}},"line":3}},"f":{"0":1}}
,"C:\\Users\\Manager3\\Desktop\\sjrhfgsukrgh\\react2024\\src\\components\\peopleItem\\peopleItem.tsx": {"path":"C:\\Users\\Manager3\\Desktop\\sjrhfgsukrgh\\react2024\\src\\components\\peopleItem\\peopleItem.tsx","all":false,"statementMap":{"0":{"start":{"line":1,"column":0},"end":{"line":1,"column":55}},"1":{"start":{"line":2,"column":0},"end":{"line":2,"column":61}},"2":{"start":{"line":3,"column":0},"end":{"line":3,"column":33}},"4":{"start":{"line":5,"column":0},"end":{"line":5,"column":61}},"6":{"start":{"line":7,"column":0},"end":{"line":7,"column":39}},"7":{"start":{"line":8,"column":0},"end":{"line":8,"column":47}},"9":{"start":{"line":10,"column":0},"end":{"line":10,"column":51}},"10":{"start":{"line":11,"column":0},"end":{"line":11,"column":78}},"12":{"start":{"line":13,"column":0},"end":{"line":13,"column":107}},"13":{"start":{"line":14,"column":0},"end":{"line":14,"column":71}},"15":{"start":{"line":16,"column":0},"end":{"line":16,"column":60}},"16":{"start":{"line":17,"column":0},"end":{"line":17,"column":33}},"18":{"start":{"line":19,"column":0},"end":{"line":19,"column":62}},"19":{"start":{"line":20,"column":0},"end":{"line":20,"column":24}},"20":{"start":{"line":21,"column":0},"end":{"line":21,"column":35}},"21":{"start":{"line":22,"column":0},"end":{"line":22,"column":43}},"23":{"start":{"line":24,"column":0},"end":{"line":24,"column":40}},"25":{"start":{"line":26,"column":0},"end":{"line":26,"column":64}},"26":{"start":{"line":27,"column":0},"end":{"line":27,"column":4}},"28":{"start":{"line":29,"column":0},"end":{"line":29,"column":29}},"29":{"start":{"line":30,"column":0},"end":{"line":30,"column":25}},"30":{"start":{"line":31,"column":0},"end":{"line":31,"column":19}},"31":{"start":{"line":32,"column":0},"end":{"line":32,"column":28}},"32":{"start":{"line":33,"column":0},"end":{"line":33,"column":33}},"33":{"start":{"line":34,"column":0},"end":{"line":34,"column":12}},"34":{"start":{"line":35,"column":0},"end":{"line":35,"column":28}},"35":{"start":{"line":36,"column":0},"end":{"line":36,"column":33}},"36":{"start":{"line":37,"column":0},"end":{"line":37,"column":5}},"37":{"start":{"line":38,"column":0},"end":{"line":38,"column":3}},"38":{"start":{"line":39,"column":0},"end":{"line":39,"column":33}},"40":{"start":{"line":41,"column":0},"end":{"line":41,"column":10}},"41":{"start":{"line":42,"column":0},"end":{"line":42,"column":32}},"42":{"start":{"line":43,"column":0},"end":{"line":43,"column":38}},"43":{"start":{"line":44,"column":0},"end":{"line":44,"column":99}},"44":{"start":{"line":45,"column":0},"end":{"line":45,"column":27}},"45":{"start":{"line":46,"column":0},"end":{"line":46,"column":12}},"46":{"start":{"line":47,"column":0},"end":{"line":47,"column":10}},"47":{"start":{"line":48,"column":0},"end":{"line":48,"column":34}},"48":{"start":{"line":49,"column":0},"end":{"line":49,"column":32}},"49":{"start":{"line":50,"column":0},"end":{"line":50,"column":70}},"50":{"start":{"line":51,"column":0},"end":{"line":51,"column":40}},"51":{"start":{"line":52,"column":0},"end":{"line":52,"column":27}},"52":{"start":{"line":53,"column":0},"end":{"line":53,"column":12}},"53":{"start":{"line":54,"column":0},"end":{"line":54,"column":10}},"55":{"start":{"line":56,"column":0},"end":{"line":56,"column":1}}},"s":{"0":1,"1":1,"2":1,"4":1,"6":1,"7":1,"9":83,"10":83,"12":83,"13":83,"15":83,"16":83,"18":83,"19":1,"20":1,"21":1,"23":1,"25":1,"26":1,"28":83,"29":1,"30":1,"31":1,"32":1,"33":1,"34":0,"35":0,"36":0,"37":1,"38":83,"40":83,"41":83,"42":83,"43":83,"44":83,"45":83,"46":83,"47":83,"48":83,"49":83,"50":83,"51":83,"52":83,"53":83,"55":83},"branchMap":{"0":{"type":"branch","line":10,"loc":{"start":{"line":10,"column":0},"end":{"line":56,"column":1}},"locations":[{"start":{"line":10,"column":0},"end":{"line":56,"column":1}}]},"1":{"type":"branch","line":44,"loc":{"start":{"line":44,"column":50},"end":{"line":44,"column":62}},"locations":[{"start":{"line":44,"column":50},"end":{"line":44,"column":62}}]},"2":{"type":"branch","line":44,"loc":{"start":{"line":44,"column":54},"end":{"line":44,"column":71}},"locations":[{"start":{"line":44,"column":54},"end":{"line":44,"column":71}}]},"3":{"type":"branch","line":11,"loc":{"start":{"line":11,"column":33},"end":{"line":11,"column":76}},"locations":[{"start":{"line":11,"column":33},"end":{"line":11,"column":76}}]},"4":{"type":"branch","line":13,"loc":{"start":{"line":13,"column":65},"end":{"line":13,"column":103}},"locations":[{"start":{"line":13,"column":65},"end":{"line":13,"column":103}}]},"5":{"type":"branch","line":14,"loc":{"start":{"line":14,"column":28},"end":{"line":14,"column":69}},"locations":[{"start":{"line":14,"column":28},"end":{"line":14,"column":69}}]},"6":{"type":"branch","line":19,"loc":{"start":{"line":19,"column":23},"end":{"line":27,"column":4}},"locations":[{"start":{"line":19,"column":23},"end":{"line":27,"column":4}}]},"7":{"type":"branch","line":29,"loc":{"start":{"line":29,"column":2},"end":{"line":38,"column":3}},"locations":[{"start":{"line":29,"column":2},"end":{"line":38,"column":3}}]},"8":{"type":"branch","line":34,"loc":{"start":{"line":34,"column":4},"end":{"line":37,"column":5}},"locations":[{"start":{"line":34,"column":4},"end":{"line":37,"column":5}}]},"9":{"type":"branch","line":50,"loc":{"start":{"line":50,"column":17},"end":{"line":50,"column":70}},"locations":[{"start":{"line":50,"column":17},"end":{"line":50,"column":70}}]}},"b":{"0":[83],"1":[82],"2":[1],"3":[168],"4":[1],"5":[168],"6":[1],"7":[1],"8":[0],"9":[1]},"fnMap":{"0":{"name":"PeopleItem","decl":{"start":{"line":10,"column":0},"end":{"line":56,"column":1}},"loc":{"start":{"line":10,"column":0},"end":{"line":56,"column":1}},"line":10},"1":{"name":"handleDetail","decl":{"start":{"line":19,"column":23},"end":{"line":27,"column":4}},"loc":{"start":{"line":19,"column":23},"end":{"line":27,"column":4}},"line":19},"2":{"name":"chengeCheckbox","decl":{"start":{"line":29,"column":2},"end":{"line":38,"column":3}},"loc":{"start":{"line":29,"column":2},"end":{"line":38,"column":3}},"line":29},"3":{"name":"onClick","decl":{"start":{"line":50,"column":17},"end":{"line":50,"column":70}},"loc":{"start":{"line":50,"column":17},"end":{"line":50,"column":70}},"line":50}},"f":{"0":83,"1":1,"2":1,"3":1}}
,"C:\\Users\\Manager3\\Desktop\\sjrhfgsukrgh\\react2024\\src\\context\\contextCreater.tsx": {"path":"C:\\Users\\Manager3\\Desktop\\sjrhfgsukrgh\\react2024\\src\\context\\contextCreater.tsx","all":false,"statementMap":{"0":{"start":{"line":1,"column":0},"end":{"line":1,"column":35}},"1":{"start":{"line":2,"column":0},"end":{"line":2,"column":46}},"3":{"start":{"line":4,"column":0},"end":{"line":4,"column":55}}},"s":{"0":1,"1":1,"3":1},"branchMap":{"0":{"type":"branch","line":4,"loc":{"start":{"line":4,"column":24},"end":{"line":4,"column":55}},"locations":[{"start":{"line":4,"column":24},"end":{"line":4,"column":55}}]}},"b":{"0":[22]},"fnMap":{"0":{"name":"useTheme","decl":{"start":{"line":4,"column":24},"end":{"line":4,"column":55}},"loc":{"start":{"line":4,"column":24},"end":{"line":4,"column":55}},"line":4}},"f":{"0":22}}
,"C:\\Users\\Manager3\\Desktop\\sjrhfgsukrgh\\react2024\\src\\context\\contextTheme.tsx": {"path":"C:\\Users\\Manager3\\Desktop\\sjrhfgsukrgh\\react2024\\src\\context\\contextTheme.tsx","all":false,"statementMap":{"0":{"start":{"line":1,"column":0},"end":{"line":1,"column":38}},"2":{"start":{"line":3,"column":0},"end":{"line":3,"column":80}}},"s":{"0":1,"2":1},"branchMap":{},"b":{},"fnMap":{"0":{"name":"change","decl":{"start":{"line":3,"column":68},"end":{"line":3,"column":77}},"loc":{"start":{"line":3,"column":68},"end":{"line":3,"column":77}},"line":3}},"f":{"0":0}}
,"C:\\Users\\Manager3\\Desktop\\sjrhfgsukrgh\\react2024\\src\\context\\contextThemeProvider.tsx": {"path":"C:\\Users\\Manager3\\Desktop\\sjrhfgsukrgh\\react2024\\src\\context\\contextThemeProvider.tsx","all":false,"statementMap":{"0":{"start":{"line":1,"column":0},"end":{"line":1,"column":44}},"1":{"start":{"line":2,"column":0},"end":{"line":2,"column":46}},"3":{"start":{"line":4,"column":0},"end":{"line":4,"column":73}},"4":{"start":{"line":5,"column":0},"end":{"line":5,"column":46}},"6":{"start":{"line":7,"column":0},"end":{"line":7,"column":24}},"7":{"start":{"line":8,"column":0},"end":{"line":8,"column":64}},"8":{"start":{"line":9,"column":0},"end":{"line":9,"column":4}},"10":{"start":{"line":11,"column":0},"end":{"line":11,"column":10}},"11":{"start":{"line":12,"column":0},"end":{"line":12,"column":26}},"12":{"start":{"line":13,"column":0},"end":{"line":13,"column":14}},"13":{"start":{"line":14,"column":0},"end":{"line":14,"column":14}},"14":{"start":{"line":15,"column":0},"end":{"line":15,"column":15}},"15":{"start":{"line":16,"column":0},"end":{"line":16,"column":9}},"16":{"start":{"line":17,"column":0},"end":{"line":17,"column":16}},"17":{"start":{"line":18,"column":0},"end":{"line":18,"column":28}},"19":{"start":{"line":20,"column":0},"end":{"line":20,"column":2}}},"s":{"0":1,"1":1,"3":1,"4":1,"6":1,"7":0,"8":0,"10":1,"11":1,"12":1,"13":1,"14":1,"15":1,"16":1,"17":1,"19":1},"branchMap":{"0":{"type":"branch","line":4,"loc":{"start":{"line":4,"column":29},"end":{"line":20,"column":2}},"locations":[{"start":{"line":4,"column":29},"end":{"line":20,"column":2}}]}},"b":{"0":[1]},"fnMap":{"0":{"name":"ThemeProvider","decl":{"start":{"line":4,"column":29},"end":{"line":20,"column":2}},"loc":{"start":{"line":4,"column":29},"end":{"line":20,"column":2}},"line":4},"1":{"name":"change","decl":{"start":{"line":7,"column":17},"end":{"line":9,"column":4}},"loc":{"start":{"line":7,"column":17},"end":{"line":9,"column":4}},"line":7}},"f":{"0":1,"1":0}}
,"C:\\Users\\Manager3\\Desktop\\sjrhfgsukrgh\\react2024\\src\\hooks\\useInput.tsx": {"path":"C:\\Users\\Manager3\\Desktop\\sjrhfgsukrgh\\react2024\\src\\hooks\\useInput.tsx","all":false,"statementMap":{"0":{"start":{"line":1,"column":0},"end":{"line":1,"column":33}},"2":{"start":{"line":3,"column":0},"end":{"line":3,"column":63}},"3":{"start":{"line":4,"column":0},"end":{"line":4,"column":66}},"5":{"start":{"line":6,"column":0},"end":{"line":6,"column":73}},"6":{"start":{"line":7,"column":0},"end":{"line":7,"column":36}},"7":{"start":{"line":8,"column":0},"end":{"line":8,"column":4}},"9":{"start":{"line":10,"column":0},"end":{"line":10,"column":10}},"10":{"start":{"line":11,"column":0},"end":{"line":11,"column":17}},"11":{"start":{"line":12,"column":0},"end":{"line":12,"column":22}},"12":{"start":{"line":13,"column":0},"end":{"line":13,"column":4}},"13":{"start":{"line":14,"column":0},"end":{"line":14,"column":1}}},"s":{"0":1,"2":19,"3":19,"5":19,"6":0,"7":0,"9":19,"10":19,"11":19,"12":19,"13":19},"branchMap":{"0":{"type":"branch","line":3,"loc":{"start":{"line":3,"column":0},"end":{"line":14,"column":1}},"locations":[{"start":{"line":3,"column":0},"end":{"line":14,"column":1}}]}},"b":{"0":[19]},"fnMap":{"0":{"name":"useInput","decl":{"start":{"line":3,"column":0},"end":{"line":14,"column":1}},"loc":{"start":{"line":3,"column":0},"end":{"line":14,"column":1}},"line":3},"1":{"name":"handleInputChange","decl":{"start":{"line":6,"column":28},"end":{"line":8,"column":4}},"loc":{"start":{"line":6,"column":28},"end":{"line":8,"column":4}},"line":6}},"f":{"0":19,"1":0}}
,"C:\\Users\\Manager3\\Desktop\\sjrhfgsukrgh\\react2024\\src\\localStorage\\getString.tsx": {"path":"C:\\Users\\Manager3\\Desktop\\sjrhfgsukrgh\\react2024\\src\\localStorage\\getString.tsx","all":false,"statementMap":{"0":{"start":{"line":1,"column":0},"end":{"line":1,"column":45}},"1":{"start":{"line":2,"column":0},"end":{"line":2,"column":46}},"2":{"start":{"line":3,"column":0},"end":{"line":3,"column":1}}},"s":{"0":9,"1":9,"2":9},"branchMap":{"0":{"type":"branch","line":1,"loc":{"start":{"line":1,"column":0},"end":{"line":3,"column":1}},"locations":[{"start":{"line":1,"column":0},"end":{"line":3,"column":1}}]},"1":{"type":"branch","line":2,"loc":{"start":{"line":2,"column":38},"end":{"line":2,"column":46}},"locations":[{"start":{"line":2,"column":38},"end":{"line":2,"column":46}}]}},"b":{"0":[9],"1":[6]},"fnMap":{"0":{"name":"getString","decl":{"start":{"line":1,"column":0},"end":{"line":3,"column":1}},"loc":{"start":{"line":1,"column":0},"end":{"line":3,"column":1}},"line":1}},"f":{"0":9}}
,"C:\\Users\\Manager3\\Desktop\\sjrhfgsukrgh\\react2024\\src\\localStorage\\setString.tsx": {"path":"C:\\Users\\Manager3\\Desktop\\sjrhfgsukrgh\\react2024\\src\\localStorage\\setString.tsx","all":false,"statementMap":{"0":{"start":{"line":1,"column":0},"end":{"line":1,"column":48}},"1":{"start":{"line":2,"column":0},"end":{"line":2,"column":48}},"2":{"start":{"line":3,"column":0},"end":{"line":3,"column":1}}},"s":{"0":3,"1":3,"2":3},"branchMap":{"0":{"type":"branch","line":1,"loc":{"start":{"line":1,"column":0},"end":{"line":3,"column":1}},"locations":[{"start":{"line":1,"column":0},"end":{"line":3,"column":1}}]}},"b":{"0":[3]},"fnMap":{"0":{"name":"setString","decl":{"start":{"line":1,"column":0},"end":{"line":3,"column":1}},"loc":{"start":{"line":1,"column":0},"end":{"line":3,"column":1}},"line":1}},"f":{"0":3}}
,"C:\\Users\\Manager3\\Desktop\\sjrhfgsukrgh\\react2024\\src\\services\\apiRAM.tsx": {"path":"C:\\Users\\Manager3\\Desktop\\sjrhfgsukrgh\\react2024\\src\\services\\apiRAM.tsx","all":false,"statementMap":{"0":{"start":{"line":1,"column":0},"end":{"line":1,"column":73}},"1":{"start":{"line":2,"column":0},"end":{"line":2,"column":50}},"5":{"start":{"line":6,"column":0},"end":{"line":6,"column":33}},"6":{"start":{"line":7,"column":0},"end":{"line":7,"column":24}},"7":{"start":{"line":8,"column":0},"end":{"line":8,"column":58}},"8":{"start":{"line":9,"column":0},"end":{"line":9,"column":28}},"9":{"start":{"line":10,"column":0},"end":{"line":10,"column":86}},"10":{"start":{"line":11,"column":0},"end":{"line":11,"column":108}},"11":{"start":{"line":12,"column":0},"end":{"line":12,"column":7}},"12":{"start":{"line":13,"column":0},"end":{"line":13,"column":46}},"13":{"start":{"line":14,"column":0},"end":{"line":14,"column":47}},"14":{"start":{"line":15,"column":0},"end":{"line":15,"column":7}},"15":{"start":{"line":16,"column":0},"end":{"line":16,"column":5}},"16":{"start":{"line":17,"column":0},"end":{"line":17,"column":3}}},"s":{"0":1,"1":1,"5":1,"6":1,"7":1,"8":1,"9":8,"10":8,"11":8,"12":8,"13":8,"14":8,"15":8,"16":1},"branchMap":{"0":{"type":"branch","line":9,"loc":{"start":{"line":9,"column":13},"end":{"line":16,"column":5}},"locations":[{"start":{"line":9,"column":13},"end":{"line":16,"column":5}}]},"1":{"type":"branch","line":11,"loc":{"start":{"line":11,"column":13},"end":{"line":11,"column":108}},"locations":[{"start":{"line":11,"column":13},"end":{"line":11,"column":108}}]},"2":{"type":"branch","line":14,"loc":{"start":{"line":14,"column":13},"end":{"line":14,"column":47}},"locations":[{"start":{"line":14,"column":13},"end":{"line":14,"column":47}}]}},"b":{"0":[8],"1":[3],"2":[3]},"fnMap":{"0":{"name":"endpoints","decl":{"start":{"line":9,"column":13},"end":{"line":16,"column":5}},"loc":{"start":{"line":9,"column":13},"end":{"line":16,"column":5}},"line":9},"1":{"name":"query","decl":{"start":{"line":11,"column":13},"end":{"line":11,"column":108}},"loc":{"start":{"line":11,"column":13},"end":{"line":11,"column":108}},"line":11},"2":{"name":"query","decl":{"start":{"line":14,"column":13},"end":{"line":14,"column":47}},"loc":{"start":{"line":14,"column":13},"end":{"line":14,"column":47}},"line":14}},"f":{"0":8,"1":3,"2":3}}
,"C:\\Users\\Manager3\\Desktop\\sjrhfgsukrgh\\react2024\\src\\store\\store.tsx": {"path":"C:\\Users\\Manager3\\Desktop\\sjrhfgsukrgh\\react2024\\src\\store\\store.tsx","all":false,"statementMap":{"0":{"start":{"line":1,"column":0},"end":{"line":1,"column":50}},"1":{"start":{"line":2,"column":0},"end":{"line":2,"column":46}},"2":{"start":{"line":3,"column":0},"end":{"line":3,"column":44}},"3":{"start":{"line":4,"column":0},"end":{"line":4,"column":44}},"5":{"start":{"line":6,"column":0},"end":{"line":6,"column":37}},"6":{"start":{"line":7,"column":0},"end":{"line":7,"column":12}},"7":{"start":{"line":8,"column":0},"end":{"line":8,"column":28}},"8":{"start":{"line":9,"column":0},"end":{"line":9,"column":27}},"9":{"start":{"line":10,"column":0},"end":{"line":10,"column":41}},"10":{"start":{"line":11,"column":0},"end":{"line":11,"column":4}},"11":{"start":{"line":12,"column":0},"end":{"line":12,"column":89}},"12":{"start":{"line":13,"column":0},"end":{"line":13,"column":3}}},"s":{"0":1,"1":1,"2":1,"3":1,"5":1,"6":1,"7":1,"8":1,"9":1,"10":1,"11":1,"12":1},"branchMap":{"0":{"type":"branch","line":12,"loc":{"start":{"line":12,"column":14},"end":{"line":12,"column":89}},"locations":[{"start":{"line":12,"column":14},"end":{"line":12,"column":89}}]}},"b":{"0":[8]},"fnMap":{"0":{"name":"middleware","decl":{"start":{"line":12,"column":14},"end":{"line":12,"column":89}},"loc":{"start":{"line":12,"column":14},"end":{"line":12,"column":89}},"line":12}},"f":{"0":8}}
,"C:\\Users\\Manager3\\Desktop\\sjrhfgsukrgh\\react2024\\src\\types\\types.tsx": {"path":"C:\\Users\\Manager3\\Desktop\\sjrhfgsukrgh\\react2024\\src\\types\\types.tsx","all":true,"statementMap":{},"s":{},"branchMap":{"0":{"type":"branch","line":1,"loc":{"start":{"line":1,"column":588},"end":{"line":34,"column":2}},"locations":[{"start":{"line":1,"column":588},"end":{"line":34,"column":2}}]}},"b":{"0":[1]},"fnMap":{"0":{"name":"(empty-report)","decl":{"start":{"line":1,"column":588},"end":{"line":34,"column":2}},"loc":{"start":{"line":1,"column":588},"end":{"line":34,"column":2}},"line":1}},"f":{"0":1}}
,"C:\\Users\\Manager3\\Desktop\\sjrhfgsukrgh\\react2024\\src\\utils\\constants.tsx": {"path":"C:\\Users\\Manager3\\Desktop\\sjrhfgsukrgh\\react2024\\src\\utils\\constants.tsx","all":false,"statementMap":{"0":{"start":{"line":1,"column":0},"end":{"line":1,"column":39}},"1":{"start":{"line":2,"column":0},"end":{"line":2,"column":41}},"3":{"start":{"line":4,"column":0},"end":{"line":4,"column":83}},"4":{"start":{"line":5,"column":0},"end":{"line":5,"column":72}}},"s":{"0":1,"1":1,"3":1,"4":1},"branchMap":{},"b":{},"fnMap":{},"f":{}}
,"C:\\Users\\Manager3\\Desktop\\sjrhfgsukrgh\\react2024\\src\\utils\\counter.tsx": {"path":"C:\\Users\\Manager3\\Desktop\\sjrhfgsukrgh\\react2024\\src\\utils\\counter.tsx","all":false,"statementMap":{"0":{"start":{"line":1,"column":0},"end":{"line":1,"column":47}},"6":{"start":{"line":7,"column":0},"end":{"line":7,"column":36}},"7":{"start":{"line":8,"column":0},"end":{"line":8,"column":11}},"8":{"start":{"line":9,"column":0},"end":{"line":9,"column":2}},"10":{"start":{"line":11,"column":0},"end":{"line":11,"column":41}},"11":{"start":{"line":12,"column":0},"end":{"line":12,"column":18}},"12":{"start":{"line":13,"column":0},"end":{"line":13,"column":15}},"13":{"start":{"line":14,"column":0},"end":{"line":14,"column":13}},"14":{"start":{"line":15,"column":0},"end":{"line":15,"column":27}},"15":{"start":{"line":16,"column":0},"end":{"line":16,"column":23}},"16":{"start":{"line":17,"column":0},"end":{"line":17,"column":6}},"17":{"start":{"line":18,"column":0},"end":{"line":18,"column":27}},"18":{"start":{"line":19,"column":0},"end":{"line":19,"column":23}},"19":{"start":{"line":20,"column":0},"end":{"line":20,"column":6}},"20":{"start":{"line":21,"column":0},"end":{"line":21,"column":27}},"21":{"start":{"line":22,"column":0},"end":{"line":22,"column":22}},"22":{"start":{"line":23,"column":0},"end":{"line":23,"column":6}},"23":{"start":{"line":24,"column":0},"end":{"line":24,"column":4}},"24":{"start":{"line":25,"column":0},"end":{"line":25,"column":3}},"28":{"start":{"line":29,"column":0},"end":{"line":29,"column":36}}},"s":{"0":1,"6":1,"7":1,"8":1,"10":1,"11":1,"12":1,"13":1,"14":1,"15":1,"16":1,"17":1,"18":0,"19":0,"20":1,"21":0,"22":0,"23":1,"24":1,"28":1},"branchMap":{"0":{"type":"branch","line":15,"loc":{"start":{"line":15,"column":15},"end":{"line":17,"column":6}},"locations":[{"start":{"line":15,"column":15},"end":{"line":17,"column":6}}]}},"b":{"0":[1]},"fnMap":{"0":{"name":"increment","decl":{"start":{"line":15,"column":15},"end":{"line":17,"column":6}},"loc":{"start":{"line":15,"column":15},"end":{"line":17,"column":6}},"line":15},"1":{"name":"decrement","decl":{"start":{"line":18,"column":15},"end":{"line":20,"column":6}},"loc":{"start":{"line":18,"column":15},"end":{"line":20,"column":6}},"line":18},"2":{"name":"deleteAll","decl":{"start":{"line":21,"column":15},"end":{"line":23,"column":6}},"loc":{"start":{"line":21,"column":15},"end":{"line":23,"column":6}},"line":21}},"f":{"0":1,"1":0,"2":0}}
,"C:\\Users\\Manager3\\Desktop\\sjrhfgsukrgh\\react2024\\src\\utils\\people.tsx": {"path":"C:\\Users\\Manager3\\Desktop\\sjrhfgsukrgh\\react2024\\src\\utils\\people.tsx","all":false,"statementMap":{"0":{"start":{"line":1,"column":0},"end":{"line":1,"column":62}},"8":{"start":{"line":9,"column":0},"end":{"line":9,"column":35}},"9":{"start":{"line":10,"column":0},"end":{"line":10,"column":10}},"10":{"start":{"line":11,"column":0},"end":{"line":11,"column":14}},"11":{"start":{"line":12,"column":0},"end":{"line":12,"column":2}},"13":{"start":{"line":14,"column":0},"end":{"line":14,"column":40}},"14":{"start":{"line":15,"column":0},"end":{"line":15,"column":18}},"15":{"start":{"line":16,"column":0},"end":{"line":16,"column":15}},"16":{"start":{"line":17,"column":0},"end":{"line":17,"column":13}},"17":{"start":{"line":18,"column":0},"end":{"line":18,"column":58}},"18":{"start":{"line":19,"column":0},"end":{"line":19,"column":41}},"19":{"start":{"line":20,"column":0},"end":{"line":20,"column":6}},"20":{"start":{"line":21,"column":0},"end":{"line":21,"column":58}},"21":{"start":{"line":22,"column":0},"end":{"line":22,"column":101}},"22":{"start":{"line":23,"column":0},"end":{"line":23,"column":6}},"23":{"start":{"line":24,"column":0},"end":{"line":24,"column":30}},"24":{"start":{"line":25,"column":0},"end":{"line":25,"column":25}},"25":{"start":{"line":26,"column":0},"end":{"line":26,"column":6}},"26":{"start":{"line":27,"column":0},"end":{"line":27,"column":56}},"27":{"start":{"line":28,"column":0},"end":{"line":28,"column":34}},"28":{"start":{"line":29,"column":0},"end":{"line":29,"column":6}},"29":{"start":{"line":30,"column":0},"end":{"line":30,"column":4}},"30":{"start":{"line":31,"column":0},"end":{"line":31,"column":3}},"35":{"start":{"line":36,"column":0},"end":{"line":36,"column":35}}},"s":{"0":1,"8":1,"9":1,"10":1,"11":1,"13":1,"14":1,"15":1,"16":1,"17":1,"18":1,"19":1,"20":1,"21":0,"22":0,"23":1,"24":0,"25":0,"26":1,"27":0,"28":0,"29":1,"30":1,"35":1},"branchMap":{"0":{"type":"branch","line":18,"loc":{"start":{"line":18,"column":15},"end":{"line":20,"column":6}},"locations":[{"start":{"line":18,"column":15},"end":{"line":20,"column":6}}]}},"b":{"0":[1]},"fnMap":{"0":{"name":"addPeople","decl":{"start":{"line":18,"column":15},"end":{"line":20,"column":6}},"loc":{"start":{"line":18,"column":15},"end":{"line":20,"column":6}},"line":18},"1":{"name":"delPeople","decl":{"start":{"line":21,"column":15},"end":{"line":23,"column":6}},"loc":{"start":{"line":21,"column":15},"end":{"line":23,"column":6}},"line":21},"2":{"name":"delAllPeople","decl":{"start":{"line":24,"column":18},"end":{"line":26,"column":6}},"loc":{"start":{"line":24,"column":18},"end":{"line":26,"column":6}},"line":24},"3":{"name":"setPage","decl":{"start":{"line":27,"column":13},"end":{"line":29,"column":6}},"loc":{"start":{"line":27,"column":13},"end":{"line":29,"column":6}},"line":27}},"f":{"0":1,"1":0,"2":0,"3":0}}
,"C:\\Users\\Manager3\\Desktop\\sjrhfgsukrgh\\react2024\\src\\utils\\utils.tsx": {"path":"C:\\Users\\Manager3\\Desktop\\sjrhfgsukrgh\\react2024\\src\\utils\\utils.tsx","all":false,"statementMap":{"0":{"start":{"line":1,"column":0},"end":{"line":1,"column":66}},"1":{"start":{"line":2,"column":0},"end":{"line":2,"column":20}},"2":{"start":{"line":3,"column":0},"end":{"line":3,"column":45}},"3":{"start":{"line":4,"column":0},"end":{"line":4,"column":19}},"4":{"start":{"line":5,"column":0},"end":{"line":5,"column":3}},"5":{"start":{"line":6,"column":0},"end":{"line":6,"column":16}},"6":{"start":{"line":7,"column":0},"end":{"line":7,"column":1}}},"s":{"0":19,"1":19,"2":19,"3":171,"4":171,"5":19,"6":19},"branchMap":{"0":{"type":"branch","line":1,"loc":{"start":{"line":1,"column":0},"end":{"line":7,"column":1}},"locations":[{"start":{"line":1,"column":0},"end":{"line":7,"column":1}}]},"1":{"type":"branch","line":3,"loc":{"start":{"line":3,"column":44},"end":{"line":5,"column":3}},"locations":[{"start":{"line":3,"column":44},"end":{"line":5,"column":3}}]}},"b":{"0":[19],"1":[171]},"fnMap":{"0":{"name":"countPages","decl":{"start":{"line":1,"column":0},"end":{"line":7,"column":1}},"loc":{"start":{"line":1,"column":0},"end":{"line":7,"column":1}},"line":1}},"f":{"0":19}}
}
